{
  "stats": {
    "suites": 19,
    "tests": 114,
    "passes": 113,
    "pending": 0,
    "failures": 1,
    "start": "2021-04-29T10:48:39.362Z",
    "end": "2021-04-29T10:50:32.140Z",
    "duration": 49726,
    "testsRegistered": 114,
    "passPercent": 99.12280701754386,
    "pendingPercent": 0,
    "other": 0,
    "hasOther": false,
    "skipped": 0,
    "hasSkipped": false
  },
  "results": [
    {
      "uuid": "d6ced88e-df81-46bd-ac8f-1c7703e8cbff",
      "title": "",
      "fullFile": "cypress/integration/examples/actions.spec.js",
      "file": "cypress/integration/examples/actions.spec.js",
      "beforeHooks": [],
      "afterHooks": [],
      "tests": [],
      "suites": [
        {
          "uuid": "9e844b10-a3c9-43dd-beb7-64e64df27348",
          "title": "Actions",
          "fullFile": "",
          "file": "",
          "beforeHooks": [],
          "afterHooks": [],
          "tests": [
            {
              "title": ".type() - type into a DOM element",
              "fullTitle": "Actions .type() - type into a DOM element",
              "timedOut": null,
              "duration": 4123,
              "state": "passed",
              "speed": "slow",
              "pass": true,
              "fail": false,
              "pending": false,
              "context": null,
              "code": "cov_1v16cnlh2v().f[2]++;\ncov_1v16cnlh2v().s[4]++;\n// https://on.cypress.io/type\ncy.get('.action-email').type('fake@email.com').should('have.value', 'fake@email.com') // .type() with special character sequences\n.type('{leftarrow}{rightarrow}{uparrow}{downarrow}').type('{del}{selectall}{backspace}') // .type() with key modifiers\n.type('{alt}{option}') //these are equivalent\n.type('{ctrl}{control}') //these are equivalent\n.type('{meta}{command}{cmd}') //these are equivalent\n.type('{shift}') // Delay each keypress by 0.1 sec\n.type('slow.typing@email.com', {\n  delay: 100\n}).should('have.value', 'slow.typing@email.com');\ncov_1v16cnlh2v().s[5]++;\ncy.get('.action-disabled') // Ignore error checking prior to type\n// like whether the input is visible or disabled\n.type('disabled error checking', {\n  force: true\n}).should('have.value', 'disabled error checking');",
              "err": {},
              "uuid": "ddbc4fa1-cffc-494d-b341-f0eab1a73e10",
              "parentUUID": "9e844b10-a3c9-43dd-beb7-64e64df27348",
              "isHook": false,
              "skipped": false
            },
            {
              "title": ".focus() - focus on a DOM element",
              "fullTitle": "Actions .focus() - focus on a DOM element",
              "timedOut": null,
              "duration": 217,
              "state": "passed",
              "speed": "slow",
              "pass": true,
              "fail": false,
              "pending": false,
              "context": null,
              "code": "cov_1v16cnlh2v().f[3]++;\ncov_1v16cnlh2v().s[7]++;\n// https://on.cypress.io/focus\ncy.get('.action-focus').focus().should('have.class', 'focus').prev().should('have.attr', 'style', 'color: orange;');",
              "err": {},
              "uuid": "238b0e9b-bb80-4612-b634-bf104d506125",
              "parentUUID": "9e844b10-a3c9-43dd-beb7-64e64df27348",
              "isHook": false,
              "skipped": false
            },
            {
              "title": ".blur() - blur off a DOM element",
              "fullTitle": "Actions .blur() - blur off a DOM element",
              "timedOut": null,
              "duration": 449,
              "state": "passed",
              "speed": "slow",
              "pass": true,
              "fail": false,
              "pending": false,
              "context": null,
              "code": "cov_1v16cnlh2v().f[4]++;\ncov_1v16cnlh2v().s[9]++;\n// https://on.cypress.io/blur\ncy.get('.action-blur').type('About to blur').blur().should('have.class', 'error').prev().should('have.attr', 'style', 'color: red;');",
              "err": {},
              "uuid": "d5d9c351-4527-4562-869f-12eb164b547f",
              "parentUUID": "9e844b10-a3c9-43dd-beb7-64e64df27348",
              "isHook": false,
              "skipped": false
            },
            {
              "title": ".clear() - clears an input or textarea element",
              "fullTitle": "Actions .clear() - clears an input or textarea element",
              "timedOut": null,
              "duration": 554,
              "state": "passed",
              "speed": "slow",
              "pass": true,
              "fail": false,
              "pending": false,
              "context": null,
              "code": "cov_1v16cnlh2v().f[5]++;\ncov_1v16cnlh2v().s[11]++;\n// https://on.cypress.io/clear\ncy.get('.action-clear').type('Clear this text').should('have.value', 'Clear this text').clear().should('have.value', '');",
              "err": {},
              "uuid": "45c7f6c5-3472-440b-8500-7a73245d0510",
              "parentUUID": "9e844b10-a3c9-43dd-beb7-64e64df27348",
              "isHook": false,
              "skipped": false
            },
            {
              "title": ".submit() - submit a form",
              "fullTitle": "Actions .submit() - submit a form",
              "timedOut": null,
              "duration": 451,
              "state": "passed",
              "speed": "slow",
              "pass": true,
              "fail": false,
              "pending": false,
              "context": null,
              "code": "cov_1v16cnlh2v().f[6]++;\ncov_1v16cnlh2v().s[13]++;\n// https://on.cypress.io/submit\ncy.get('.action-form').find('[type=\"text\"]').type('HALFOFF');\ncov_1v16cnlh2v().s[14]++;\ncy.get('.action-form').submit().next().should('contain', 'Your form has been submitted!');",
              "err": {},
              "uuid": "0736ba90-eee7-4c57-9b5e-33bd5ae9a997",
              "parentUUID": "9e844b10-a3c9-43dd-beb7-64e64df27348",
              "isHook": false,
              "skipped": false
            },
            {
              "title": ".click() - click on a DOM element",
              "fullTitle": "Actions .click() - click on a DOM element",
              "timedOut": null,
              "duration": 2623,
              "state": "passed",
              "speed": "slow",
              "pass": true,
              "fail": false,
              "pending": false,
              "context": null,
              "code": "cov_1v16cnlh2v().f[7]++;\ncov_1v16cnlh2v().s[16]++;\n// https://on.cypress.io/click\ncy.get('.action-btn').click(); // You can click on 9 specific positions of an element:\n//  -----------------------------------\n// | topLeft        top       topRight |\n// |                                   |\n// |                                   |\n// |                                   |\n// | left          center        right |\n// |                                   |\n// |                                   |\n// |                                   |\n// | bottomLeft   bottom   bottomRight |\n//  -----------------------------------\n// clicking in the center of the element is the default\ncov_1v16cnlh2v().s[17]++;\ncy.get('#action-canvas').click();\ncov_1v16cnlh2v().s[18]++;\ncy.get('#action-canvas').click('topLeft');\ncov_1v16cnlh2v().s[19]++;\ncy.get('#action-canvas').click('top');\ncov_1v16cnlh2v().s[20]++;\ncy.get('#action-canvas').click('topRight');\ncov_1v16cnlh2v().s[21]++;\ncy.get('#action-canvas').click('left');\ncov_1v16cnlh2v().s[22]++;\ncy.get('#action-canvas').click('right');\ncov_1v16cnlh2v().s[23]++;\ncy.get('#action-canvas').click('bottomLeft');\ncov_1v16cnlh2v().s[24]++;\ncy.get('#action-canvas').click('bottom');\ncov_1v16cnlh2v().s[25]++;\ncy.get('#action-canvas').click('bottomRight'); // .click() accepts an x and y coordinate\n// that controls where the click occurs :)\ncov_1v16cnlh2v().s[26]++;\ncy.get('#action-canvas').click(80, 75) // click 80px on x coord and 75px on y coord\n.click(170, 75).click(80, 165).click(100, 185).click(125, 190).click(150, 185).click(170, 165); // click multiple elements by passing multiple: true\ncov_1v16cnlh2v().s[27]++;\ncy.get('.action-labels>.label').click({\n  multiple: true\n}); // Ignore error checking prior to clicking\ncov_1v16cnlh2v().s[28]++;\ncy.get('.action-opacity>.btn').click({\n  force: true\n});",
              "err": {},
              "uuid": "792715b6-a9fe-4448-9224-0ea16b9cfc1c",
              "parentUUID": "9e844b10-a3c9-43dd-beb7-64e64df27348",
              "isHook": false,
              "skipped": false
            },
            {
              "title": ".dblclick() - double click on a DOM element",
              "fullTitle": "Actions .dblclick() - double click on a DOM element",
              "timedOut": null,
              "duration": 253,
              "state": "passed",
              "speed": "slow",
              "pass": true,
              "fail": false,
              "pending": false,
              "context": null,
              "code": "cov_1v16cnlh2v().f[8]++;\ncov_1v16cnlh2v().s[30]++;\n// https://on.cypress.io/dblclick\n// Our app has a listener on 'dblclick' event in our 'scripts.js'\n// that hides the div and shows an input on double click\ncy.get('.action-div').dblclick().should('not.be.visible');\ncov_1v16cnlh2v().s[31]++;\ncy.get('.action-input-hidden').should('be.visible');",
              "err": {},
              "uuid": "8b4fd79a-2dc8-4577-a9b7-df5c89c0d54c",
              "parentUUID": "9e844b10-a3c9-43dd-beb7-64e64df27348",
              "isHook": false,
              "skipped": false
            },
            {
              "title": ".rightclick() - right click on a DOM element",
              "fullTitle": "Actions .rightclick() - right click on a DOM element",
              "timedOut": null,
              "duration": 228,
              "state": "passed",
              "speed": "slow",
              "pass": true,
              "fail": false,
              "pending": false,
              "context": null,
              "code": "cov_1v16cnlh2v().f[9]++;\ncov_1v16cnlh2v().s[33]++;\n// https://on.cypress.io/rightclick\n// Our app has a listener on 'contextmenu' event in our 'scripts.js'\n// that hides the div and shows an input on right click\ncy.get('.rightclick-action-div').rightclick().should('not.be.visible');\ncov_1v16cnlh2v().s[34]++;\ncy.get('.rightclick-action-input-hidden').should('be.visible');",
              "err": {},
              "uuid": "b3e648c6-9d9a-40c4-bf85-5a867362f4a1",
              "parentUUID": "9e844b10-a3c9-43dd-beb7-64e64df27348",
              "isHook": false,
              "skipped": false
            },
            {
              "title": ".check() - check a checkbox or radio element",
              "fullTitle": "Actions .check() - check a checkbox or radio element",
              "timedOut": null,
              "duration": 1030,
              "state": "passed",
              "speed": "slow",
              "pass": true,
              "fail": false,
              "pending": false,
              "context": null,
              "code": "cov_1v16cnlh2v().f[10]++;\ncov_1v16cnlh2v().s[36]++;\n// https://on.cypress.io/check\n// By default, .check() will check all\n// matching checkbox or radio elements in succession, one after another\ncy.get('.action-checkboxes [type=\"checkbox\"]').not('[disabled]').check().should('be.checked');\ncov_1v16cnlh2v().s[37]++;\ncy.get('.action-radios [type=\"radio\"]').not('[disabled]').check().should('be.checked'); // .check() accepts a value argument\ncov_1v16cnlh2v().s[38]++;\ncy.get('.action-radios [type=\"radio\"]').check('radio1').should('be.checked'); // .check() accepts an array of values\ncov_1v16cnlh2v().s[39]++;\ncy.get('.action-multiple-checkboxes [type=\"checkbox\"]').check(['checkbox1', 'checkbox2']).should('be.checked'); // Ignore error checking prior to checking\ncov_1v16cnlh2v().s[40]++;\ncy.get('.action-checkboxes [disabled]').check({\n  force: true\n}).should('be.checked');\ncov_1v16cnlh2v().s[41]++;\ncy.get('.action-radios [type=\"radio\"]').check('radio3', {\n  force: true\n}).should('be.checked');",
              "err": {},
              "uuid": "8cd2837b-3852-4b25-88de-375ef90b3b7b",
              "parentUUID": "9e844b10-a3c9-43dd-beb7-64e64df27348",
              "isHook": false,
              "skipped": false
            },
            {
              "title": ".uncheck() - uncheck a checkbox element",
              "fullTitle": "Actions .uncheck() - uncheck a checkbox element",
              "timedOut": null,
              "duration": 1100,
              "state": "passed",
              "speed": "slow",
              "pass": true,
              "fail": false,
              "pending": false,
              "context": null,
              "code": "cov_1v16cnlh2v().f[11]++;\ncov_1v16cnlh2v().s[43]++;\n// https://on.cypress.io/uncheck\n// By default, .uncheck() will uncheck all matching\n// checkbox elements in succession, one after another\ncy.get('.action-check [type=\"checkbox\"]').not('[disabled]').uncheck().should('not.be.checked'); // .uncheck() accepts a value argument\ncov_1v16cnlh2v().s[44]++;\ncy.get('.action-check [type=\"checkbox\"]').check('checkbox1').uncheck('checkbox1').should('not.be.checked'); // .uncheck() accepts an array of values\ncov_1v16cnlh2v().s[45]++;\ncy.get('.action-check [type=\"checkbox\"]').check(['checkbox1', 'checkbox3']).uncheck(['checkbox1', 'checkbox3']).should('not.be.checked'); // Ignore error checking prior to unchecking\ncov_1v16cnlh2v().s[46]++;\ncy.get('.action-check [disabled]').uncheck({\n  force: true\n}).should('not.be.checked');",
              "err": {},
              "uuid": "9dc59c94-7951-4de0-bcfc-465cc0c7e2a3",
              "parentUUID": "9e844b10-a3c9-43dd-beb7-64e64df27348",
              "isHook": false,
              "skipped": false
            },
            {
              "title": ".select() - select an option in a <select> element",
              "fullTitle": "Actions .select() - select an option in a <select> element",
              "timedOut": null,
              "duration": 1031,
              "state": "passed",
              "speed": "slow",
              "pass": true,
              "fail": false,
              "pending": false,
              "context": null,
              "code": "cov_1v16cnlh2v().f[12]++;\ncov_1v16cnlh2v().s[48]++;\n// https://on.cypress.io/select\n// at first, no option should be selected\ncy.get('.action-select').should('have.value', '--Select a fruit--'); // Select option(s) with matching text content\ncov_1v16cnlh2v().s[49]++;\ncy.get('.action-select').select('apples'); // confirm the apples were selected\n// note that each value starts with \"fr-\" in our HTML\ncov_1v16cnlh2v().s[50]++;\ncy.get('.action-select').should('have.value', 'fr-apples');\ncov_1v16cnlh2v().s[51]++;\ncy.get('.action-select-multiple').select(['apples', 'oranges', 'bananas']) // when getting multiple values, invoke \"val\" method first\n.invoke('val').should('deep.equal', ['fr-apples', 'fr-oranges', 'fr-bananas']); // Select option(s) with matching value\ncov_1v16cnlh2v().s[52]++;\ncy.get('.action-select').select('fr-bananas') // can attach an assertion right away to the element\n.should('have.value', 'fr-bananas');\ncov_1v16cnlh2v().s[53]++;\ncy.get('.action-select-multiple').select(['fr-apples', 'fr-oranges', 'fr-bananas']).invoke('val').should('deep.equal', ['fr-apples', 'fr-oranges', 'fr-bananas']); // assert the selected values include oranges\ncov_1v16cnlh2v().s[54]++;\ncy.get('.action-select-multiple').invoke('val').should('include', 'fr-oranges');",
              "err": {},
              "uuid": "6656de6f-34fc-43c0-ab66-47931a2954b8",
              "parentUUID": "9e844b10-a3c9-43dd-beb7-64e64df27348",
              "isHook": false,
              "skipped": false
            },
            {
              "title": ".scrollIntoView() - scroll an element into view",
              "fullTitle": "Actions .scrollIntoView() - scroll an element into view",
              "timedOut": null,
              "duration": 178,
              "state": "passed",
              "speed": "slow",
              "pass": true,
              "fail": false,
              "pending": false,
              "context": null,
              "code": "cov_1v16cnlh2v().f[13]++;\ncov_1v16cnlh2v().s[56]++;\n// https://on.cypress.io/scrollintoview\n// normally all of these buttons are hidden,\n// because they're not within\n// the viewable area of their parent\n// (we need to scroll to see them)\ncy.get('#scroll-horizontal button').should('not.be.visible'); // scroll the button into view, as if the user had scrolled\ncov_1v16cnlh2v().s[57]++;\ncy.get('#scroll-horizontal button').scrollIntoView().should('be.visible');\ncov_1v16cnlh2v().s[58]++;\ncy.get('#scroll-vertical button').should('not.be.visible'); // Cypress handles the scroll direction needed\ncov_1v16cnlh2v().s[59]++;\ncy.get('#scroll-vertical button').scrollIntoView().should('be.visible');\ncov_1v16cnlh2v().s[60]++;\ncy.get('#scroll-both button').should('not.be.visible'); // Cypress knows to scroll to the right and down\ncov_1v16cnlh2v().s[61]++;\ncy.get('#scroll-both button').scrollIntoView().should('be.visible');",
              "err": {},
              "uuid": "d683ab91-4a87-4c6f-9bcd-5d648d149546",
              "parentUUID": "9e844b10-a3c9-43dd-beb7-64e64df27348",
              "isHook": false,
              "skipped": false
            },
            {
              "title": ".trigger() - trigger an event on a DOM element",
              "fullTitle": "Actions .trigger() - trigger an event on a DOM element",
              "timedOut": null,
              "duration": 172,
              "state": "passed",
              "speed": "slow",
              "pass": true,
              "fail": false,
              "pending": false,
              "context": null,
              "code": "cov_1v16cnlh2v().f[14]++;\ncov_1v16cnlh2v().s[63]++;\n// https://on.cypress.io/trigger\n// To interact with a range input (slider)\n// we need to set its value & trigger the\n// event to signal it changed\n// Here, we invoke jQuery's val() method to set\n// the value and trigger the 'change' event\ncy.get('.trigger-input-range').invoke('val', 25).trigger('change').get('input[type=range]').siblings('p').should('have.text', '25');",
              "err": {},
              "uuid": "ec099a75-8a21-4bc5-94b8-ace6aaadce94",
              "parentUUID": "9e844b10-a3c9-43dd-beb7-64e64df27348",
              "isHook": false,
              "skipped": false
            },
            {
              "title": "cy.scrollTo() - scroll the window or element to a position",
              "fullTitle": "Actions cy.scrollTo() - scroll the window or element to a position",
              "timedOut": null,
              "duration": 2127,
              "state": "passed",
              "speed": "slow",
              "pass": true,
              "fail": false,
              "pending": false,
              "context": null,
              "code": "cov_1v16cnlh2v().f[15]++;\ncov_1v16cnlh2v().s[65]++;\n// https://on.cypress.io/scrollto\n// You can scroll to 9 specific positions of an element:\n//  -----------------------------------\n// | topLeft        top       topRight |\n// |                                   |\n// |                                   |\n// |                                   |\n// | left          center        right |\n// |                                   |\n// |                                   |\n// |                                   |\n// | bottomLeft   bottom   bottomRight |\n//  -----------------------------------\n// if you chain .scrollTo() off of cy, we will\n// scroll the entire window\ncy.scrollTo('bottom');\ncov_1v16cnlh2v().s[66]++;\ncy.get('#scrollable-horizontal').scrollTo('right'); // or you can scroll to a specific coordinate:\n// (x axis, y axis) in pixels\ncov_1v16cnlh2v().s[67]++;\ncy.get('#scrollable-vertical').scrollTo(250, 250); // or you can scroll to a specific percentage\n// of the (width, height) of the element\ncov_1v16cnlh2v().s[68]++;\ncy.get('#scrollable-both').scrollTo('75%', '25%'); // control the easing of the scroll (default is 'swing')\ncov_1v16cnlh2v().s[69]++;\ncy.get('#scrollable-vertical').scrollTo('center', {\n  easing: 'linear'\n}); // control the duration of the scroll (in ms)\ncov_1v16cnlh2v().s[70]++;\ncy.get('#scrollable-both').scrollTo('center', {\n  duration: 2000\n});",
              "err": {},
              "uuid": "75d8a001-18e8-434d-8456-e7ecf2017302",
              "parentUUID": "9e844b10-a3c9-43dd-beb7-64e64df27348",
              "isHook": false,
              "skipped": false
            }
          ],
          "suites": [],
          "passes": [
            "ddbc4fa1-cffc-494d-b341-f0eab1a73e10",
            "238b0e9b-bb80-4612-b634-bf104d506125",
            "d5d9c351-4527-4562-869f-12eb164b547f",
            "45c7f6c5-3472-440b-8500-7a73245d0510",
            "0736ba90-eee7-4c57-9b5e-33bd5ae9a997",
            "792715b6-a9fe-4448-9224-0ea16b9cfc1c",
            "8b4fd79a-2dc8-4577-a9b7-df5c89c0d54c",
            "b3e648c6-9d9a-40c4-bf85-5a867362f4a1",
            "8cd2837b-3852-4b25-88de-375ef90b3b7b",
            "9dc59c94-7951-4de0-bcfc-465cc0c7e2a3",
            "6656de6f-34fc-43c0-ab66-47931a2954b8",
            "d683ab91-4a87-4c6f-9bcd-5d648d149546",
            "ec099a75-8a21-4bc5-94b8-ace6aaadce94",
            "75d8a001-18e8-434d-8456-e7ecf2017302"
          ],
          "failures": [],
          "pending": [],
          "skipped": [],
          "duration": 14536,
          "root": false,
          "rootEmpty": false,
          "_timeout": 2000
        }
      ],
      "passes": [],
      "failures": [],
      "pending": [],
      "skipped": [],
      "duration": 0,
      "root": true,
      "rootEmpty": true,
      "_timeout": 2000
    },
    {
      "uuid": "7137279b-9f61-441a-accb-8004090ed9d6",
      "title": "",
      "fullFile": "cypress/integration/examples/aliasing.spec.js",
      "file": "cypress/integration/examples/aliasing.spec.js",
      "beforeHooks": [],
      "afterHooks": [],
      "tests": [],
      "suites": [
        {
          "uuid": "e10dee67-622c-4496-bc01-2ba5725fdc76",
          "title": "Aliasing",
          "fullFile": "",
          "file": "",
          "beforeHooks": [],
          "afterHooks": [],
          "tests": [
            {
              "title": ".as() - alias a DOM element for later use",
              "fullTitle": "Aliasing .as() - alias a DOM element for later use",
              "timedOut": null,
              "duration": 344,
              "state": "passed",
              "speed": "slow",
              "pass": true,
              "fail": false,
              "pending": false,
              "context": null,
              "code": "cov_4kc1ij0w7().f[2]++;\ncov_4kc1ij0w7().s[4]++;\n// https://on.cypress.io/as\n// Alias a DOM element for use later\n// We don't have to traverse to the element\n// later in our code, we reference it with @\ncy.get('.as-table').find('tbody>tr').first().find('td').first().find('button').as('firstBtn'); // when we reference the alias, we place an\n// @ in front of its name\ncov_4kc1ij0w7().s[5]++;\ncy.get('@firstBtn').click();\ncov_4kc1ij0w7().s[6]++;\ncy.get('@firstBtn').should('have.class', 'btn-success').and('contain', 'Changed');",
              "err": {},
              "uuid": "f8f83848-79a0-4b73-a80b-01e251b4ff84",
              "parentUUID": "e10dee67-622c-4496-bc01-2ba5725fdc76",
              "isHook": false,
              "skipped": false
            },
            {
              "title": ".as() - alias a route for later use",
              "fullTitle": "Aliasing .as() - alias a route for later use",
              "timedOut": null,
              "duration": 338,
              "state": "passed",
              "speed": "slow",
              "pass": true,
              "fail": false,
              "pending": false,
              "context": null,
              "code": "cov_4kc1ij0w7().f[3]++;\ncov_4kc1ij0w7().s[8]++;\n// Alias the route to wait for its response\ncy.intercept('GET', '**/comments/*').as('getComment'); // we have code that gets a comment when\n// the button is clicked in scripts.js\ncov_4kc1ij0w7().s[9]++;\ncy.get('.network-btn').click(); // https://on.cypress.io/wait\ncov_4kc1ij0w7().s[10]++;\ncy.wait('@getComment').its('response.statusCode').should('eq', 200);",
              "err": {},
              "uuid": "2bd41a57-a945-4f1b-a350-920568620b4a",
              "parentUUID": "e10dee67-622c-4496-bc01-2ba5725fdc76",
              "isHook": false,
              "skipped": false
            }
          ],
          "suites": [],
          "passes": [
            "f8f83848-79a0-4b73-a80b-01e251b4ff84",
            "2bd41a57-a945-4f1b-a350-920568620b4a"
          ],
          "failures": [],
          "pending": [],
          "skipped": [],
          "duration": 682,
          "root": false,
          "rootEmpty": false,
          "_timeout": 2000
        }
      ],
      "passes": [],
      "failures": [],
      "pending": [],
      "skipped": [],
      "duration": 0,
      "root": true,
      "rootEmpty": true,
      "_timeout": 2000
    },
    {
      "uuid": "97bd6170-a776-4364-bcf1-ea06c4c313c4",
      "title": "",
      "fullFile": "cypress/integration/examples/assertions.spec.js",
      "file": "cypress/integration/examples/assertions.spec.js",
      "beforeHooks": [],
      "afterHooks": [],
      "tests": [],
      "suites": [
        {
          "uuid": "2c773f6a-9434-4e59-b3e0-c3e5713aac52",
          "title": "Assertions",
          "fullFile": "",
          "file": "",
          "beforeHooks": [],
          "afterHooks": [],
          "tests": [],
          "suites": [
            {
              "uuid": "b5679ef1-1715-47ae-9079-b92fe1cc91d6",
              "title": "Implicit Assertions",
              "fullFile": "",
              "file": "",
              "beforeHooks": [],
              "afterHooks": [],
              "tests": [
                {
                  "title": ".should() - make an assertion about the current subject",
                  "fullTitle": "Assertions Implicit Assertions .should() - make an assertion about the current subject",
                  "timedOut": null,
                  "duration": 279,
                  "state": "passed",
                  "speed": "slow",
                  "pass": true,
                  "fail": false,
                  "pending": false,
                  "context": null,
                  "code": "cov_1qr950qfz9().f[3]++;\ncov_1qr950qfz9().s[5]++;\n// https://on.cypress.io/should\ncy.get('.assertion-table').find('tbody tr:last').should('have.class', 'success').find('td').first() // checking the text of the <td> element in various ways\n.should('have.text', 'Column content').should('contain', 'Column content').should('have.html', 'Column content') // chai-jquery uses \"is()\" to check if element matches selector\n.should('match', 'td') // to match text content against a regular expression\n// first need to invoke jQuery method text()\n// and then match using regular expression\n.invoke('text').should('match', /column content/i); // a better way to check element's text content against a regular expression\n// is to use \"cy.contains\"\n// https://on.cypress.io/contains\ncov_1qr950qfz9().s[6]++;\ncy.get('.assertion-table').find('tbody tr:last') // finds first <td> element with text content matching regular expression\n.contains('td', /column content/i).should('be.visible'); // for more information about asserting element's text\n// see https://on.cypress.io/using-cypress-faq#How-do-I-get-an-element’s-text-contents",
                  "err": {},
                  "uuid": "44d1dee5-1f20-4387-9c3b-f18ee0171d22",
                  "parentUUID": "b5679ef1-1715-47ae-9079-b92fe1cc91d6",
                  "isHook": false,
                  "skipped": false
                },
                {
                  "title": ".and() - chain multiple assertions together",
                  "fullTitle": "Assertions Implicit Assertions .and() - chain multiple assertions together",
                  "timedOut": null,
                  "duration": 116,
                  "state": "passed",
                  "speed": "slow",
                  "pass": true,
                  "fail": false,
                  "pending": false,
                  "context": null,
                  "code": "cov_1qr950qfz9().f[4]++;\ncov_1qr950qfz9().s[8]++;\n// https://on.cypress.io/and\ncy.get('.assertions-link').should('have.class', 'active').and('have.attr', 'href').and('include', 'cypress.io');",
                  "err": {},
                  "uuid": "ca756dbb-4536-4838-a370-da4da4b2764b",
                  "parentUUID": "b5679ef1-1715-47ae-9079-b92fe1cc91d6",
                  "isHook": false,
                  "skipped": false
                }
              ],
              "suites": [],
              "passes": [
                "44d1dee5-1f20-4387-9c3b-f18ee0171d22",
                "ca756dbb-4536-4838-a370-da4da4b2764b"
              ],
              "failures": [],
              "pending": [],
              "skipped": [],
              "duration": 395,
              "root": false,
              "rootEmpty": false,
              "_timeout": 2000
            },
            {
              "uuid": "f3df14d8-1ee3-4c2f-9ae3-f5572aa27bdd",
              "title": "Explicit Assertions",
              "fullFile": "",
              "file": "",
              "beforeHooks": [],
              "afterHooks": [],
              "tests": [
                {
                  "title": "expect - make an assertion about a specified subject",
                  "fullTitle": "Assertions Explicit Assertions expect - make an assertion about a specified subject",
                  "timedOut": null,
                  "duration": 155,
                  "state": "passed",
                  "speed": "slow",
                  "pass": true,
                  "fail": false,
                  "pending": false,
                  "context": null,
                  "code": "cov_1qr950qfz9().f[6]++;\ncov_1qr950qfz9().s[11]++;\n// We can use Chai's BDD style assertions\nexpect(true).to.be[\"true\"];\nvar o = (cov_1qr950qfz9().s[12]++, {\n  foo: 'bar'\n});\ncov_1qr950qfz9().s[13]++;\nexpect(o).to.equal(o);\ncov_1qr950qfz9().s[14]++;\nexpect(o).to.deep.equal({\n  foo: 'bar'\n}); // matching text using regular expression\ncov_1qr950qfz9().s[15]++;\nexpect('FooBar').to.match(/bar$/i);",
                  "err": {},
                  "uuid": "db6e360c-e892-4622-a826-52a5f71c6511",
                  "parentUUID": "f3df14d8-1ee3-4c2f-9ae3-f5572aa27bdd",
                  "isHook": false,
                  "skipped": false
                },
                {
                  "title": "pass your own callback function to should()",
                  "fullTitle": "Assertions Explicit Assertions pass your own callback function to should()",
                  "timedOut": null,
                  "duration": 111,
                  "state": "passed",
                  "speed": "slow",
                  "pass": true,
                  "fail": false,
                  "pending": false,
                  "context": null,
                  "code": "cov_1qr950qfz9().f[7]++;\ncov_1qr950qfz9().s[17]++;\n// Pass a function to should that can have any number\n// of explicit assertions within it.\n// The \".should(cb)\" function will be retried\n// automatically until it passes all your explicit assertions or times out.\ncy.get('.assertions-p').find('p').should(function ($p) {\n  cov_1qr950qfz9().f[8]++;\n  // https://on.cypress.io/$\n  // return an array of texts from all of the p's\n  // @ts-ignore TS6133 unused variable\n  var texts = (cov_1qr950qfz9().s[18]++, $p.map(function (i, el) {\n    cov_1qr950qfz9().f[9]++;\n    cov_1qr950qfz9().s[19]++;\n    return Cypress.$(el).text();\n  })); // jquery map returns jquery object\n  // and .get() convert this to simple array\n  var paragraphs = (cov_1qr950qfz9().s[20]++, texts.get()); // array should have length of 3\n  cov_1qr950qfz9().s[21]++;\n  expect(paragraphs, 'has 3 paragraphs').to.have.length(3); // use second argument to expect(...) to provide clear\n  // message with each assertion\n  cov_1qr950qfz9().s[22]++;\n  expect(paragraphs, 'has expected text in each paragraph').to.deep.eq(['Some text from first p', 'More text from second p', 'And even more text from third p']);\n});",
                  "err": {},
                  "uuid": "e47b57f3-b0a6-428b-aa81-fd7edb0f189f",
                  "parentUUID": "f3df14d8-1ee3-4c2f-9ae3-f5572aa27bdd",
                  "isHook": false,
                  "skipped": false
                },
                {
                  "title": "finds element by class name regex",
                  "fullTitle": "Assertions Explicit Assertions finds element by class name regex",
                  "timedOut": null,
                  "duration": 129,
                  "state": "passed",
                  "speed": "slow",
                  "pass": true,
                  "fail": false,
                  "pending": false,
                  "context": null,
                  "code": "cov_1qr950qfz9().f[10]++;\ncov_1qr950qfz9().s[24]++;\ncy.get('.docs-header').find('div') // .should(cb) callback function will be retried\n.should(function ($div) {\n  cov_1qr950qfz9().f[11]++;\n  cov_1qr950qfz9().s[25]++;\n  expect($div).to.have.length(1);\n  var className = (cov_1qr950qfz9().s[26]++, $div[0].className);\n  cov_1qr950qfz9().s[27]++;\n  expect(className).to.match(/heading-/);\n}) // .then(cb) callback is not retried,\n// it either passes or fails\n.then(function ($div) {\n  cov_1qr950qfz9().f[12]++;\n  cov_1qr950qfz9().s[28]++;\n  expect($div, 'text content').to.have.text('Introduction');\n});",
                  "err": {},
                  "uuid": "a8eeaafe-4b6c-4563-9a7e-5e5f207b96c1",
                  "parentUUID": "f3df14d8-1ee3-4c2f-9ae3-f5572aa27bdd",
                  "isHook": false,
                  "skipped": false
                },
                {
                  "title": "can throw any error",
                  "fullTitle": "Assertions Explicit Assertions can throw any error",
                  "timedOut": null,
                  "duration": 125,
                  "state": "passed",
                  "speed": "slow",
                  "pass": true,
                  "fail": false,
                  "pending": false,
                  "context": null,
                  "code": "cov_1qr950qfz9().f[13]++;\ncov_1qr950qfz9().s[30]++;\ncy.get('.docs-header').find('div').should(function ($div) {\n  cov_1qr950qfz9().f[14]++;\n  cov_1qr950qfz9().s[31]++;\n  if ($div.length !== 1) {\n    cov_1qr950qfz9().b[0][0]++;\n    cov_1qr950qfz9().s[32]++;\n    // you can throw your own errors\n    throw new Error('Did not find 1 element');\n  } else {\n    cov_1qr950qfz9().b[0][1]++;\n  }\n  var className = (cov_1qr950qfz9().s[33]++, $div[0].className);\n  cov_1qr950qfz9().s[34]++;\n  if (!className.match(/heading-/)) {\n    cov_1qr950qfz9().b[1][0]++;\n    cov_1qr950qfz9().s[35]++;\n    throw new Error(\"Could not find class \\\"heading-\\\" in \".concat(className));\n  } else {\n    cov_1qr950qfz9().b[1][1]++;\n  }\n});",
                  "err": {},
                  "uuid": "8c8e6ec5-0060-4484-b228-ac211e2e2f28",
                  "parentUUID": "f3df14d8-1ee3-4c2f-9ae3-f5572aa27bdd",
                  "isHook": false,
                  "skipped": false
                },
                {
                  "title": "matches unknown text between two elements",
                  "fullTitle": "Assertions Explicit Assertions matches unknown text between two elements",
                  "timedOut": null,
                  "duration": 132,
                  "state": "passed",
                  "speed": "slow",
                  "pass": true,
                  "fail": false,
                  "pending": false,
                  "context": null,
                  "code": "cov_1qr950qfz9().f[15]++;\n/**\n * Text from the first element.\n * @type {string}\n*/\nvar text;\n/**\n * Normalizes passed text,\n * useful before comparing text with spaces and different capitalization.\n * @param {string} s Text to normalize\n*/\ncov_1qr950qfz9().s[37]++;\nvar normalizeText = function normalizeText(s) {\n  cov_1qr950qfz9().f[16]++;\n  cov_1qr950qfz9().s[38]++;\n  return s.replace(/\\s/g, '').toLowerCase();\n};\ncov_1qr950qfz9().s[39]++;\ncy.get('.two-elements').find('.first').then(function ($first) {\n  cov_1qr950qfz9().f[17]++;\n  cov_1qr950qfz9().s[40]++;\n  // save text from the first element\n  text = normalizeText($first.text());\n});\ncov_1qr950qfz9().s[41]++;\ncy.get('.two-elements').find('.second').should(function ($div) {\n  cov_1qr950qfz9().f[18]++;\n  // we can massage text before comparing\n  var secondText = (cov_1qr950qfz9().s[42]++, normalizeText($div.text()));\n  cov_1qr950qfz9().s[43]++;\n  expect(secondText, 'second text').to.equal(text);\n});",
                  "err": {},
                  "uuid": "42beda90-940f-4705-8f3a-c183f33ca742",
                  "parentUUID": "f3df14d8-1ee3-4c2f-9ae3-f5572aa27bdd",
                  "isHook": false,
                  "skipped": false
                },
                {
                  "title": "assert - assert shape of an object",
                  "fullTitle": "Assertions Explicit Assertions assert - assert shape of an object",
                  "timedOut": null,
                  "duration": 118,
                  "state": "passed",
                  "speed": "slow",
                  "pass": true,
                  "fail": false,
                  "pending": false,
                  "context": null,
                  "code": "cov_1qr950qfz9().f[19]++;\nvar person = (cov_1qr950qfz9().s[45]++, {\n  name: 'Joe',\n  age: 20\n});\ncov_1qr950qfz9().s[46]++;\nassert.isObject(person, 'value is object');",
                  "err": {},
                  "uuid": "db01a0b7-738d-4ca1-a7d8-3ba9e6c7a8ab",
                  "parentUUID": "f3df14d8-1ee3-4c2f-9ae3-f5572aa27bdd",
                  "isHook": false,
                  "skipped": false
                },
                {
                  "title": "retries the should callback until assertions pass",
                  "fullTitle": "Assertions Explicit Assertions retries the should callback until assertions pass",
                  "timedOut": null,
                  "duration": 1598,
                  "state": "passed",
                  "speed": "slow",
                  "pass": true,
                  "fail": false,
                  "pending": false,
                  "context": null,
                  "code": "cov_1qr950qfz9().f[20]++;\ncov_1qr950qfz9().s[48]++;\ncy.get('#random-number').should(function ($div) {\n  cov_1qr950qfz9().f[21]++;\n  var n = (cov_1qr950qfz9().s[49]++, parseFloat($div.text()));\n  cov_1qr950qfz9().s[50]++;\n  expect(n).to.be.gte(1).and.be.lte(10);\n});",
                  "err": {},
                  "uuid": "a528ecdc-c141-421a-81e8-aa00a19413ab",
                  "parentUUID": "f3df14d8-1ee3-4c2f-9ae3-f5572aa27bdd",
                  "isHook": false,
                  "skipped": false
                }
              ],
              "suites": [],
              "passes": [
                "db6e360c-e892-4622-a826-52a5f71c6511",
                "e47b57f3-b0a6-428b-aa81-fd7edb0f189f",
                "a8eeaafe-4b6c-4563-9a7e-5e5f207b96c1",
                "8c8e6ec5-0060-4484-b228-ac211e2e2f28",
                "42beda90-940f-4705-8f3a-c183f33ca742",
                "db01a0b7-738d-4ca1-a7d8-3ba9e6c7a8ab",
                "a528ecdc-c141-421a-81e8-aa00a19413ab"
              ],
              "failures": [],
              "pending": [],
              "skipped": [],
              "duration": 2368,
              "root": false,
              "rootEmpty": false,
              "_timeout": 2000
            }
          ],
          "passes": [],
          "failures": [],
          "pending": [],
          "skipped": [],
          "duration": 0,
          "root": false,
          "rootEmpty": false,
          "_timeout": 2000
        }
      ],
      "passes": [],
      "failures": [],
      "pending": [],
      "skipped": [],
      "duration": 0,
      "root": true,
      "rootEmpty": true,
      "_timeout": 2000
    },
    {
      "uuid": "31ad5ef0-7f32-4da2-9adc-8f831ec02e8f",
      "title": "",
      "fullFile": "cypress/integration/examples/connectors.spec.js",
      "file": "cypress/integration/examples/connectors.spec.js",
      "beforeHooks": [],
      "afterHooks": [],
      "tests": [],
      "suites": [
        {
          "uuid": "99de0ba4-8bef-424d-b566-c1594947366b",
          "title": "Connectors",
          "fullFile": "",
          "file": "",
          "beforeHooks": [],
          "afterHooks": [],
          "tests": [
            {
              "title": ".each() - iterate over an array of elements",
              "fullTitle": "Connectors .each() - iterate over an array of elements",
              "timedOut": null,
              "duration": 249,
              "state": "passed",
              "speed": "slow",
              "pass": true,
              "fail": false,
              "pending": false,
              "context": null,
              "code": "cov_1s1c0a8k4p().f[2]++;\ncov_1s1c0a8k4p().s[4]++;\n// https://on.cypress.io/each\ncy.get('.connectors-each-ul>li').each(function ($el, index, $list) {\n  cov_1s1c0a8k4p().f[3]++;\n  cov_1s1c0a8k4p().s[5]++;\n  console.log($el, index, $list);\n});",
              "err": {},
              "uuid": "c8a2423a-c5eb-473a-9120-62a0d5c3422b",
              "parentUUID": "99de0ba4-8bef-424d-b566-c1594947366b",
              "isHook": false,
              "skipped": false
            },
            {
              "title": ".its() - get properties on the current subject",
              "fullTitle": "Connectors .its() - get properties on the current subject",
              "timedOut": null,
              "duration": 114,
              "state": "passed",
              "speed": "slow",
              "pass": true,
              "fail": false,
              "pending": false,
              "context": null,
              "code": "cov_1s1c0a8k4p().f[4]++;\ncov_1s1c0a8k4p().s[7]++;\n// https://on.cypress.io/its\ncy.get('.connectors-its-ul>li') // calls the 'length' property yielding that value\n.its('length').should('be.gt', 2);",
              "err": {},
              "uuid": "b40b1aaa-479d-48d1-a27c-0cadfe81b350",
              "parentUUID": "99de0ba4-8bef-424d-b566-c1594947366b",
              "isHook": false,
              "skipped": false
            },
            {
              "title": ".invoke() - invoke a function on the current subject",
              "fullTitle": "Connectors .invoke() - invoke a function on the current subject",
              "timedOut": null,
              "duration": 115,
              "state": "passed",
              "speed": "slow",
              "pass": true,
              "fail": false,
              "pending": false,
              "context": null,
              "code": "cov_1s1c0a8k4p().f[5]++;\ncov_1s1c0a8k4p().s[9]++;\n// our div is hidden in our script.js\n// $('.connectors-div').hide()\n// https://on.cypress.io/invoke\ncy.get('.connectors-div').should('be.hidden') // call the jquery method 'show' on the 'div.container'\n.invoke('show').should('be.visible');",
              "err": {},
              "uuid": "137b5fed-9d8f-4ce3-9aab-c35fc0773401",
              "parentUUID": "99de0ba4-8bef-424d-b566-c1594947366b",
              "isHook": false,
              "skipped": false
            },
            {
              "title": ".spread() - spread an array as individual args to callback function",
              "fullTitle": "Connectors .spread() - spread an array as individual args to callback function",
              "timedOut": null,
              "duration": 95,
              "state": "passed",
              "speed": "slow",
              "pass": true,
              "fail": false,
              "pending": false,
              "context": null,
              "code": "cov_1s1c0a8k4p().f[6]++;\n// https://on.cypress.io/spread\nvar arr = (cov_1s1c0a8k4p().s[11]++, ['foo', 'bar', 'baz']);\ncov_1s1c0a8k4p().s[12]++;\ncy.wrap(arr).spread(function (foo, bar, baz) {\n  cov_1s1c0a8k4p().f[7]++;\n  cov_1s1c0a8k4p().s[13]++;\n  expect(foo).to.eq('foo');\n  cov_1s1c0a8k4p().s[14]++;\n  expect(bar).to.eq('bar');\n  cov_1s1c0a8k4p().s[15]++;\n  expect(baz).to.eq('baz');\n});",
              "err": {},
              "uuid": "56fcbd18-e4dc-458e-a078-532110d13142",
              "parentUUID": "99de0ba4-8bef-424d-b566-c1594947366b",
              "isHook": false,
              "skipped": false
            }
          ],
          "suites": [
            {
              "uuid": "99a2b1d1-0f3e-451c-83ad-47726d313769",
              "title": ".then()",
              "fullFile": "",
              "file": "",
              "beforeHooks": [],
              "afterHooks": [],
              "tests": [
                {
                  "title": "invokes a callback function with the current subject",
                  "fullTitle": "Connectors .then() invokes a callback function with the current subject",
                  "timedOut": null,
                  "duration": 125,
                  "state": "passed",
                  "speed": "slow",
                  "pass": true,
                  "fail": false,
                  "pending": false,
                  "context": null,
                  "code": "cov_1s1c0a8k4p().f[9]++;\ncov_1s1c0a8k4p().s[18]++;\n// https://on.cypress.io/then\ncy.get('.connectors-list > li').then(function ($lis) {\n  cov_1s1c0a8k4p().f[10]++;\n  cov_1s1c0a8k4p().s[19]++;\n  expect($lis, '3 items').to.have.length(3);\n  cov_1s1c0a8k4p().s[20]++;\n  expect($lis.eq(0), 'first item').to.contain('Walk the dog');\n  cov_1s1c0a8k4p().s[21]++;\n  expect($lis.eq(1), 'second item').to.contain('Feed the cat');\n  cov_1s1c0a8k4p().s[22]++;\n  expect($lis.eq(2), 'third item').to.contain('Write JavaScript');\n});",
                  "err": {},
                  "uuid": "a013b372-dd62-47ce-870a-e09019bb0ac8",
                  "parentUUID": "99a2b1d1-0f3e-451c-83ad-47726d313769",
                  "isHook": false,
                  "skipped": false
                },
                {
                  "title": "yields the returned value to the next command",
                  "fullTitle": "Connectors .then() yields the returned value to the next command",
                  "timedOut": null,
                  "duration": 115,
                  "state": "passed",
                  "speed": "slow",
                  "pass": true,
                  "fail": false,
                  "pending": false,
                  "context": null,
                  "code": "cov_1s1c0a8k4p().f[11]++;\ncov_1s1c0a8k4p().s[24]++;\ncy.wrap(1).then(function (num) {\n  cov_1s1c0a8k4p().f[12]++;\n  cov_1s1c0a8k4p().s[25]++;\n  expect(num).to.equal(1);\n  cov_1s1c0a8k4p().s[26]++;\n  return 2;\n}).then(function (num) {\n  cov_1s1c0a8k4p().f[13]++;\n  cov_1s1c0a8k4p().s[27]++;\n  expect(num).to.equal(2);\n});",
                  "err": {},
                  "uuid": "735c56fe-e804-47da-b87e-5182afa8f8a1",
                  "parentUUID": "99a2b1d1-0f3e-451c-83ad-47726d313769",
                  "isHook": false,
                  "skipped": false
                },
                {
                  "title": "yields the original subject without return",
                  "fullTitle": "Connectors .then() yields the original subject without return",
                  "timedOut": null,
                  "duration": 111,
                  "state": "passed",
                  "speed": "slow",
                  "pass": true,
                  "fail": false,
                  "pending": false,
                  "context": null,
                  "code": "cov_1s1c0a8k4p().f[14]++;\ncov_1s1c0a8k4p().s[29]++;\ncy.wrap(1).then(function (num) {\n  cov_1s1c0a8k4p().f[15]++;\n  cov_1s1c0a8k4p().s[30]++;\n  expect(num).to.equal(1); // note that nothing is returned from this callback\n}).then(function (num) {\n  cov_1s1c0a8k4p().f[16]++;\n  cov_1s1c0a8k4p().s[31]++;\n  // this callback receives the original unchanged value 1\n  expect(num).to.equal(1);\n});",
                  "err": {},
                  "uuid": "7d095c42-1dec-4868-97b7-7d7a1b182d35",
                  "parentUUID": "99a2b1d1-0f3e-451c-83ad-47726d313769",
                  "isHook": false,
                  "skipped": false
                },
                {
                  "title": "yields the value yielded by the last Cypress command inside",
                  "fullTitle": "Connectors .then() yields the value yielded by the last Cypress command inside",
                  "timedOut": null,
                  "duration": 106,
                  "state": "passed",
                  "speed": "slow",
                  "pass": true,
                  "fail": false,
                  "pending": false,
                  "context": null,
                  "code": "cov_1s1c0a8k4p().f[17]++;\ncov_1s1c0a8k4p().s[33]++;\ncy.wrap(1).then(function (num) {\n  cov_1s1c0a8k4p().f[18]++;\n  cov_1s1c0a8k4p().s[34]++;\n  expect(num).to.equal(1); // note how we run a Cypress command\n  // the result yielded by this Cypress command\n  // will be passed to the second \".then\"\n  cov_1s1c0a8k4p().s[35]++;\n  cy.wrap(2);\n}).then(function (num) {\n  cov_1s1c0a8k4p().f[19]++;\n  cov_1s1c0a8k4p().s[36]++;\n  // this callback receives the value yielded by \"cy.wrap(2)\"\n  expect(num).to.equal(2);\n});",
                  "err": {},
                  "uuid": "2e8376f9-41cb-40fc-9a52-db12285e0ca7",
                  "parentUUID": "99a2b1d1-0f3e-451c-83ad-47726d313769",
                  "isHook": false,
                  "skipped": false
                }
              ],
              "suites": [],
              "passes": [
                "a013b372-dd62-47ce-870a-e09019bb0ac8",
                "735c56fe-e804-47da-b87e-5182afa8f8a1",
                "7d095c42-1dec-4868-97b7-7d7a1b182d35",
                "2e8376f9-41cb-40fc-9a52-db12285e0ca7"
              ],
              "failures": [],
              "pending": [],
              "skipped": [],
              "duration": 457,
              "root": false,
              "rootEmpty": false,
              "_timeout": 2000
            }
          ],
          "passes": [
            "c8a2423a-c5eb-473a-9120-62a0d5c3422b",
            "b40b1aaa-479d-48d1-a27c-0cadfe81b350",
            "137b5fed-9d8f-4ce3-9aab-c35fc0773401",
            "56fcbd18-e4dc-458e-a078-532110d13142"
          ],
          "failures": [],
          "pending": [],
          "skipped": [],
          "duration": 573,
          "root": false,
          "rootEmpty": false,
          "_timeout": 2000
        }
      ],
      "passes": [],
      "failures": [],
      "pending": [],
      "skipped": [],
      "duration": 0,
      "root": true,
      "rootEmpty": true,
      "_timeout": 2000
    },
    {
      "uuid": "28718b97-b570-4053-9f63-06d661a8cae0",
      "title": "",
      "fullFile": "cypress/integration/examples/cookies.spec.js",
      "file": "cypress/integration/examples/cookies.spec.js",
      "beforeHooks": [],
      "afterHooks": [],
      "tests": [],
      "suites": [
        {
          "uuid": "89259c83-2613-47e4-a78b-13f1be5f9929",
          "title": "Cookies",
          "fullFile": "",
          "file": "",
          "beforeHooks": [],
          "afterHooks": [],
          "tests": [
            {
              "title": "cy.getCookie() - get a browser cookie",
              "fullTitle": "Cookies cy.getCookie() - get a browser cookie",
              "timedOut": null,
              "duration": 367,
              "state": "passed",
              "speed": "slow",
              "pass": true,
              "fail": false,
              "pending": false,
              "context": null,
              "code": "cov_1vkusqrnb6().f[2]++;\ncov_1vkusqrnb6().s[6]++;\n// https://on.cypress.io/getcookie\ncy.get('#getCookie .set-a-cookie').click();\ncov_1vkusqrnb6().s[7]++;\ncy.getCookie('token').should('have.property', 'value', '123ABC');",
              "err": {},
              "uuid": "a63d1509-fcef-427b-923e-c786ef22ea73",
              "parentUUID": "89259c83-2613-47e4-a78b-13f1be5f9929",
              "isHook": false,
              "skipped": false
            },
            {
              "title": "cy.getCookies() - get browser cookies",
              "fullTitle": "Cookies cy.getCookies() - get browser cookies",
              "timedOut": null,
              "duration": 230,
              "state": "passed",
              "speed": "slow",
              "pass": true,
              "fail": false,
              "pending": false,
              "context": null,
              "code": "cov_1vkusqrnb6().f[3]++;\ncov_1vkusqrnb6().s[9]++;\n// https://on.cypress.io/getcookies\ncy.getCookies().should('be.empty');\ncov_1vkusqrnb6().s[10]++;\ncy.get('#getCookies .set-a-cookie').click(); // cy.getCookies() yields an array of cookies\ncov_1vkusqrnb6().s[11]++;\ncy.getCookies().should('have.length', 1).should(function (cookies) {\n  cov_1vkusqrnb6().f[4]++;\n  cov_1vkusqrnb6().s[12]++;\n  // each cookie has these properties\n  expect(cookies[0]).to.have.property('name', 'token');\n  cov_1vkusqrnb6().s[13]++;\n  expect(cookies[0]).to.have.property('value', '123ABC');\n  cov_1vkusqrnb6().s[14]++;\n  expect(cookies[0]).to.have.property('httpOnly', false);\n  cov_1vkusqrnb6().s[15]++;\n  expect(cookies[0]).to.have.property('secure', false);\n  cov_1vkusqrnb6().s[16]++;\n  expect(cookies[0]).to.have.property('domain');\n  cov_1vkusqrnb6().s[17]++;\n  expect(cookies[0]).to.have.property('path');\n});",
              "err": {},
              "uuid": "cbd698e9-e8f7-4339-ac17-aa92f3bae947",
              "parentUUID": "89259c83-2613-47e4-a78b-13f1be5f9929",
              "isHook": false,
              "skipped": false
            },
            {
              "title": "cy.setCookie() - set a browser cookie",
              "fullTitle": "Cookies cy.setCookie() - set a browser cookie",
              "timedOut": null,
              "duration": 102,
              "state": "passed",
              "speed": "slow",
              "pass": true,
              "fail": false,
              "pending": false,
              "context": null,
              "code": "cov_1vkusqrnb6().f[5]++;\ncov_1vkusqrnb6().s[19]++;\n// https://on.cypress.io/setcookie\ncy.getCookies().should('be.empty');\ncov_1vkusqrnb6().s[20]++;\ncy.setCookie('foo', 'bar'); // cy.getCookie() yields a cookie object\ncov_1vkusqrnb6().s[21]++;\ncy.getCookie('foo').should('have.property', 'value', 'bar');",
              "err": {},
              "uuid": "764775cc-00f5-46b5-915d-b00802cf9bc4",
              "parentUUID": "89259c83-2613-47e4-a78b-13f1be5f9929",
              "isHook": false,
              "skipped": false
            },
            {
              "title": "cy.clearCookie() - clear a browser cookie",
              "fullTitle": "Cookies cy.clearCookie() - clear a browser cookie",
              "timedOut": null,
              "duration": 402,
              "state": "passed",
              "speed": "slow",
              "pass": true,
              "fail": false,
              "pending": false,
              "context": null,
              "code": "cov_1vkusqrnb6().f[6]++;\ncov_1vkusqrnb6().s[23]++;\n// https://on.cypress.io/clearcookie\ncy.getCookie('token').should('be.null');\ncov_1vkusqrnb6().s[24]++;\ncy.get('#clearCookie .set-a-cookie').click();\ncov_1vkusqrnb6().s[25]++;\ncy.getCookie('token').should('have.property', 'value', '123ABC'); // cy.clearCookies() yields null\ncov_1vkusqrnb6().s[26]++;\ncy.clearCookie('token').should('be.null');\ncov_1vkusqrnb6().s[27]++;\ncy.getCookie('token').should('be.null');",
              "err": {},
              "uuid": "9a6595cf-6a6b-4f9c-95a5-e946e38c711d",
              "parentUUID": "89259c83-2613-47e4-a78b-13f1be5f9929",
              "isHook": false,
              "skipped": false
            },
            {
              "title": "cy.clearCookies() - clear browser cookies",
              "fullTitle": "Cookies cy.clearCookies() - clear browser cookies",
              "timedOut": null,
              "duration": 202,
              "state": "passed",
              "speed": "slow",
              "pass": true,
              "fail": false,
              "pending": false,
              "context": null,
              "code": "cov_1vkusqrnb6().f[7]++;\ncov_1vkusqrnb6().s[29]++;\n// https://on.cypress.io/clearcookies\ncy.getCookies().should('be.empty');\ncov_1vkusqrnb6().s[30]++;\ncy.get('#clearCookies .set-a-cookie').click();\ncov_1vkusqrnb6().s[31]++;\ncy.getCookies().should('have.length', 1); // cy.clearCookies() yields null\ncov_1vkusqrnb6().s[32]++;\ncy.clearCookies();\ncov_1vkusqrnb6().s[33]++;\ncy.getCookies().should('be.empty');",
              "err": {},
              "uuid": "fba12c78-848f-4439-9d7d-810b92271079",
              "parentUUID": "89259c83-2613-47e4-a78b-13f1be5f9929",
              "isHook": false,
              "skipped": false
            }
          ],
          "suites": [],
          "passes": [
            "a63d1509-fcef-427b-923e-c786ef22ea73",
            "cbd698e9-e8f7-4339-ac17-aa92f3bae947",
            "764775cc-00f5-46b5-915d-b00802cf9bc4",
            "9a6595cf-6a6b-4f9c-95a5-e946e38c711d",
            "fba12c78-848f-4439-9d7d-810b92271079"
          ],
          "failures": [],
          "pending": [],
          "skipped": [],
          "duration": 1303,
          "root": false,
          "rootEmpty": false,
          "_timeout": 2000
        }
      ],
      "passes": [],
      "failures": [],
      "pending": [],
      "skipped": [],
      "duration": 0,
      "root": true,
      "rootEmpty": true,
      "_timeout": 2000
    },
    {
      "uuid": "1321e07b-a199-45f1-87e9-75e07de4190e",
      "title": "",
      "fullFile": "cypress/integration/examples/cypress_api.spec.js",
      "file": "cypress/integration/examples/cypress_api.spec.js",
      "beforeHooks": [],
      "afterHooks": [],
      "tests": [],
      "suites": [
        {
          "uuid": "bb93985e-c4dd-40c7-b327-531816a62c63",
          "title": "Cypress.Commands",
          "fullFile": "",
          "file": "",
          "beforeHooks": [],
          "afterHooks": [],
          "tests": [
            {
              "title": ".add() - create a custom command",
              "fullTitle": "Cypress.Commands .add() - create a custom command",
              "timedOut": null,
              "duration": 202,
              "state": "passed",
              "speed": "slow",
              "pass": true,
              "fail": false,
              "pending": false,
              "context": null,
              "code": "cov_1yd24qgavb().f[2]++;\ncov_1yd24qgavb().s[4]++;\nCypress.Commands.add('console', {\n  prevSubject: true\n}, function (subject, method) {\n  cov_1yd24qgavb().f[3]++;\n  cov_1yd24qgavb().s[5]++;\n  // the previous subject is automatically received\n  // and the commands arguments are shifted\n  // allow us to change the console method used\n  method = (cov_1yd24qgavb().b[0][0]++, method) || (cov_1yd24qgavb().b[0][1]++, 'log'); // log the subject to the console\n  // @ts-ignore TS7017\n  cov_1yd24qgavb().s[6]++;\n  console[method]('The subject is', subject); // whatever we return becomes the new subject\n  // we don't want to change the subject so\n  // we return whatever was passed in\n  cov_1yd24qgavb().s[7]++;\n  return subject;\n}); // @ts-ignore TS2339\ncov_1yd24qgavb().s[8]++;\ncy.get('button').console('info').then(function ($button) {// subject is still $button\n  cov_1yd24qgavb().f[4]++;\n});",
              "err": {},
              "uuid": "e54bb0e2-b38c-4eae-a50a-78c77a6f84f3",
              "parentUUID": "bb93985e-c4dd-40c7-b327-531816a62c63",
              "isHook": false,
              "skipped": false
            }
          ],
          "suites": [],
          "passes": [
            "e54bb0e2-b38c-4eae-a50a-78c77a6f84f3"
          ],
          "failures": [],
          "pending": [],
          "skipped": [],
          "duration": 202,
          "root": false,
          "rootEmpty": false,
          "_timeout": 2000
        },
        {
          "uuid": "9c0fa8dc-4db4-4db2-af78-31cb62f33510",
          "title": "Cypress.Cookies",
          "fullFile": "",
          "file": "",
          "beforeHooks": [],
          "afterHooks": [],
          "tests": [
            {
              "title": ".debug() - enable or disable debugging",
              "fullTitle": "Cypress.Cookies .debug() - enable or disable debugging",
              "timedOut": null,
              "duration": 141,
              "state": "passed",
              "speed": "slow",
              "pass": true,
              "fail": false,
              "pending": false,
              "context": null,
              "code": "cov_1yd24qgavb().f[7]++;\ncov_1yd24qgavb().s[13]++;\nCypress.Cookies.debug(true); // Cypress will now log in the console when\n// cookies are set or cleared\ncov_1yd24qgavb().s[14]++;\ncy.setCookie('fakeCookie', '123ABC');\ncov_1yd24qgavb().s[15]++;\ncy.clearCookie('fakeCookie');\ncov_1yd24qgavb().s[16]++;\ncy.setCookie('fakeCookie', '123ABC');\ncov_1yd24qgavb().s[17]++;\ncy.clearCookie('fakeCookie');\ncov_1yd24qgavb().s[18]++;\ncy.setCookie('fakeCookie', '123ABC');",
              "err": {},
              "uuid": "c3e7f369-b230-4873-acc2-bb4baa77d314",
              "parentUUID": "9c0fa8dc-4db4-4db2-af78-31cb62f33510",
              "isHook": false,
              "skipped": false
            },
            {
              "title": ".preserveOnce() - preserve cookies by key",
              "fullTitle": "Cypress.Cookies .preserveOnce() - preserve cookies by key",
              "timedOut": null,
              "duration": 138,
              "state": "passed",
              "speed": "slow",
              "pass": true,
              "fail": false,
              "pending": false,
              "context": null,
              "code": "cov_1yd24qgavb().f[8]++;\ncov_1yd24qgavb().s[20]++;\n// normally cookies are reset after each test\ncy.getCookie('fakeCookie').should('not.be.ok'); // preserving a cookie will not clear it when\n// the next test starts\ncov_1yd24qgavb().s[21]++;\ncy.setCookie('lastCookie', '789XYZ');\ncov_1yd24qgavb().s[22]++;\nCypress.Cookies.preserveOnce('lastCookie');",
              "err": {},
              "uuid": "5208bf57-dcf5-40bf-a140-98c42ae0d9f6",
              "parentUUID": "9c0fa8dc-4db4-4db2-af78-31cb62f33510",
              "isHook": false,
              "skipped": false
            },
            {
              "title": ".defaults() - set defaults for all cookies",
              "fullTitle": "Cypress.Cookies .defaults() - set defaults for all cookies",
              "timedOut": null,
              "duration": 96,
              "state": "passed",
              "speed": "slow",
              "pass": true,
              "fail": false,
              "pending": false,
              "context": null,
              "code": "cov_1yd24qgavb().f[9]++;\ncov_1yd24qgavb().s[24]++;\n// now any cookie with the name 'session_id' will\n// not be cleared before each new test runs\nCypress.Cookies.defaults({\n  preserve: 'session_id'\n});",
              "err": {},
              "uuid": "f25257d8-8403-432c-b119-ed76eb22788b",
              "parentUUID": "9c0fa8dc-4db4-4db2-af78-31cb62f33510",
              "isHook": false,
              "skipped": false
            }
          ],
          "suites": [],
          "passes": [
            "c3e7f369-b230-4873-acc2-bb4baa77d314",
            "5208bf57-dcf5-40bf-a140-98c42ae0d9f6",
            "f25257d8-8403-432c-b119-ed76eb22788b"
          ],
          "failures": [],
          "pending": [],
          "skipped": [],
          "duration": 375,
          "root": false,
          "rootEmpty": false,
          "_timeout": 2000
        },
        {
          "uuid": "d6689c9f-8a96-4c9d-b56c-4813bc11ed62",
          "title": "Cypress.arch",
          "fullFile": "",
          "file": "",
          "beforeHooks": [],
          "afterHooks": [],
          "tests": [
            {
              "title": "Get CPU architecture name of underlying OS",
              "fullTitle": "Cypress.arch Get CPU architecture name of underlying OS",
              "timedOut": null,
              "duration": 93,
              "state": "passed",
              "speed": "slow",
              "pass": true,
              "fail": false,
              "pending": false,
              "context": null,
              "code": "cov_1yd24qgavb().f[12]++;\ncov_1yd24qgavb().s[29]++;\n// https://on.cypress.io/arch\nexpect(Cypress.arch).to.exist;",
              "err": {},
              "uuid": "58cf080c-08ae-48d1-82e8-3f48fdd8be70",
              "parentUUID": "d6689c9f-8a96-4c9d-b56c-4813bc11ed62",
              "isHook": false,
              "skipped": false
            }
          ],
          "suites": [],
          "passes": [
            "58cf080c-08ae-48d1-82e8-3f48fdd8be70"
          ],
          "failures": [],
          "pending": [],
          "skipped": [],
          "duration": 93,
          "root": false,
          "rootEmpty": false,
          "_timeout": 2000
        },
        {
          "uuid": "0a465161-41a5-40c4-bf3c-aebaf7431392",
          "title": "Cypress.config()",
          "fullFile": "",
          "file": "",
          "beforeHooks": [],
          "afterHooks": [],
          "tests": [
            {
              "title": "Get and set configuration options",
              "fullTitle": "Cypress.config() Get and set configuration options",
              "timedOut": null,
              "duration": 540,
              "state": "failed",
              "speed": null,
              "pass": false,
              "fail": true,
              "pending": false,
              "context": "[\n  \"/Users/deonte.mohamed/Development/personal_projects/interviewPrep/trelloapp/TestReport/assets/examples/cypress_api.spec.js/Cypress.config() -- Get and set configuration options (failed).png\",\n  \"/Users/deonte.mohamed/Development/personal_projects/interviewPrep/trelloapp/TestReport/assets/examples/cypress_api.spec.js.mp4\"\n]",
              "code": "cov_1yd24qgavb().f[15]++;\n// https://on.cypress.io/config\nvar myConfig = (cov_1yd24qgavb().s[34]++, Cypress.config());\ncov_1yd24qgavb().s[35]++;\nexpect(myConfig).to.have.property('animationDistanceThreshold', 5);\ncov_1yd24qgavb().s[36]++;\nexpect(myConfig).to.have.property('baseUrl', null);\ncov_1yd24qgavb().s[37]++;\nexpect(myConfig).to.have.property('defaultCommandTimeout', 4000);\ncov_1yd24qgavb().s[38]++;\nexpect(myConfig).to.have.property('requestTimeout', 5000);\ncov_1yd24qgavb().s[39]++;\nexpect(myConfig).to.have.property('responseTimeout', 30000);\ncov_1yd24qgavb().s[40]++;\nexpect(myConfig).to.have.property('viewportHeight', 660);\ncov_1yd24qgavb().s[41]++;\nexpect(myConfig).to.have.property('viewportWidth', 1000);\ncov_1yd24qgavb().s[42]++;\nexpect(myConfig).to.have.property('pageLoadTimeout', 60000);\ncov_1yd24qgavb().s[43]++;\nexpect(myConfig).to.have.property('waitForAnimations', true);\ncov_1yd24qgavb().s[44]++;\nexpect(Cypress.config('pageLoadTimeout')).to.eq(60000); // this will change the config for the rest of your tests!\ncov_1yd24qgavb().s[45]++;\nCypress.config('pageLoadTimeout', 20000);\ncov_1yd24qgavb().s[46]++;\nexpect(Cypress.config('pageLoadTimeout')).to.eq(20000);\ncov_1yd24qgavb().s[47]++;\nCypress.config('pageLoadTimeout', 60000);",
              "err": {
                "message": "AssertionError: expected { Object (defaultCommandTimeout, projectId, ...) } to have property 'defaultCommandTimeout' of 4000, but got 15000",
                "estack": "AssertionError: expected { Object (defaultCommandTimeout, projectId, ...) } to have property 'defaultCommandTimeout' of 4000, but got 15000\n    at Context.eval (https://example.cypress.io/__cypress/tests?p=cypress/integration/examples/cypress_api.spec.js:2087:30)",
                "diff": "- 15000\n+ 4000\n"
              },
              "uuid": "e4548969-431a-4d72-9e47-1ec33b672ded",
              "parentUUID": "0a465161-41a5-40c4-bf3c-aebaf7431392",
              "isHook": false,
              "skipped": false
            }
          ],
          "suites": [],
          "passes": [],
          "failures": [
            "e4548969-431a-4d72-9e47-1ec33b672ded"
          ],
          "pending": [],
          "skipped": [],
          "duration": 540,
          "root": false,
          "rootEmpty": false,
          "_timeout": 2000
        },
        {
          "uuid": "696301ca-92bc-4372-93c9-fab36e310474",
          "title": "Cypress.dom",
          "fullFile": "",
          "file": "",
          "beforeHooks": [],
          "afterHooks": [],
          "tests": [
            {
              "title": ".isHidden() - determine if a DOM element is hidden",
              "fullTitle": "Cypress.dom .isHidden() - determine if a DOM element is hidden",
              "timedOut": null,
              "duration": 121,
              "state": "passed",
              "speed": "slow",
              "pass": true,
              "fail": false,
              "pending": false,
              "context": null,
              "code": "cov_1yd24qgavb().f[18]++;\nvar hiddenP = (cov_1yd24qgavb().s[52]++, Cypress.$('.dom-p p.hidden').get(0));\nvar visibleP = (cov_1yd24qgavb().s[53]++, Cypress.$('.dom-p p.visible').get(0)); // our first paragraph has css class 'hidden'\ncov_1yd24qgavb().s[54]++;\nexpect(Cypress.dom.isHidden(hiddenP)).to.be[\"true\"];\ncov_1yd24qgavb().s[55]++;\nexpect(Cypress.dom.isHidden(visibleP)).to.be[\"false\"];",
              "err": {},
              "uuid": "785eba8f-4341-4b53-9d40-995a3c820e05",
              "parentUUID": "696301ca-92bc-4372-93c9-fab36e310474",
              "isHook": false,
              "skipped": false
            }
          ],
          "suites": [],
          "passes": [
            "785eba8f-4341-4b53-9d40-995a3c820e05"
          ],
          "failures": [],
          "pending": [],
          "skipped": [],
          "duration": 121,
          "root": false,
          "rootEmpty": false,
          "_timeout": 2000
        },
        {
          "uuid": "62dd0139-e390-4098-94bc-e97377cc37e1",
          "title": "Cypress.env()",
          "fullFile": "",
          "file": "",
          "beforeHooks": [],
          "afterHooks": [],
          "tests": [
            {
              "title": "Get environment variables",
              "fullTitle": "Cypress.env() Get environment variables",
              "timedOut": null,
              "duration": 103,
              "state": "passed",
              "speed": "slow",
              "pass": true,
              "fail": false,
              "pending": false,
              "context": null,
              "code": "cov_1yd24qgavb().f[21]++;\ncov_1yd24qgavb().s[60]++;\n// https://on.cypress.io/env\n// set multiple environment variables\nCypress.env({\n  host: 'veronica.dev.local',\n  api_server: 'http://localhost:8888/v1/'\n}); // get environment variable\ncov_1yd24qgavb().s[61]++;\nexpect(Cypress.env('host')).to.eq('veronica.dev.local'); // set environment variable\ncov_1yd24qgavb().s[62]++;\nCypress.env('api_server', 'http://localhost:8888/v2/');\ncov_1yd24qgavb().s[63]++;\nexpect(Cypress.env('api_server')).to.eq('http://localhost:8888/v2/'); // get all environment variable\ncov_1yd24qgavb().s[64]++;\nexpect(Cypress.env()).to.have.property('host', 'veronica.dev.local');\ncov_1yd24qgavb().s[65]++;\nexpect(Cypress.env()).to.have.property('api_server', 'http://localhost:8888/v2/');",
              "err": {},
              "uuid": "005affd8-cfa1-4255-83c4-b4a58b82a34a",
              "parentUUID": "62dd0139-e390-4098-94bc-e97377cc37e1",
              "isHook": false,
              "skipped": false
            }
          ],
          "suites": [],
          "passes": [
            "005affd8-cfa1-4255-83c4-b4a58b82a34a"
          ],
          "failures": [],
          "pending": [],
          "skipped": [],
          "duration": 103,
          "root": false,
          "rootEmpty": false,
          "_timeout": 2000
        },
        {
          "uuid": "f3b0825d-df46-4887-9214-8b59fc6d6d78",
          "title": "Cypress.log",
          "fullFile": "",
          "file": "",
          "beforeHooks": [],
          "afterHooks": [],
          "tests": [
            {
              "title": "Control what is printed to the Command Log",
              "fullTitle": "Cypress.log Control what is printed to the Command Log",
              "timedOut": null,
              "duration": 115,
              "state": "passed",
              "speed": "slow",
              "pass": true,
              "fail": false,
              "pending": false,
              "context": null,
              "code": "// https://on.cypress.io/cypress-log\n    cov_1yd24qgavb().f[24]++;",
              "err": {},
              "uuid": "21a9e408-0288-4969-a9ea-275b7ce31ebb",
              "parentUUID": "f3b0825d-df46-4887-9214-8b59fc6d6d78",
              "isHook": false,
              "skipped": false
            }
          ],
          "suites": [],
          "passes": [
            "21a9e408-0288-4969-a9ea-275b7ce31ebb"
          ],
          "failures": [],
          "pending": [],
          "skipped": [],
          "duration": 115,
          "root": false,
          "rootEmpty": false,
          "_timeout": 2000
        },
        {
          "uuid": "54ab3237-8917-4179-8a1c-52ccfb5d55d6",
          "title": "Cypress.platform",
          "fullFile": "",
          "file": "",
          "beforeHooks": [],
          "afterHooks": [],
          "tests": [
            {
              "title": "Get underlying OS name",
              "fullTitle": "Cypress.platform Get underlying OS name",
              "timedOut": null,
              "duration": 96,
              "state": "passed",
              "speed": "slow",
              "pass": true,
              "fail": false,
              "pending": false,
              "context": null,
              "code": "cov_1yd24qgavb().f[27]++;\ncov_1yd24qgavb().s[74]++;\n// https://on.cypress.io/platform\nexpect(Cypress.platform).to.be.exist;",
              "err": {},
              "uuid": "c9baa1f8-2378-4789-8c51-cd98c3678ecd",
              "parentUUID": "54ab3237-8917-4179-8a1c-52ccfb5d55d6",
              "isHook": false,
              "skipped": false
            }
          ],
          "suites": [],
          "passes": [
            "c9baa1f8-2378-4789-8c51-cd98c3678ecd"
          ],
          "failures": [],
          "pending": [],
          "skipped": [],
          "duration": 96,
          "root": false,
          "rootEmpty": false,
          "_timeout": 2000
        },
        {
          "uuid": "a3cf47b1-b2aa-4961-8f2b-8f01c196fe85",
          "title": "Cypress.version",
          "fullFile": "",
          "file": "",
          "beforeHooks": [],
          "afterHooks": [],
          "tests": [
            {
              "title": "Get current version of Cypress being run",
              "fullTitle": "Cypress.version Get current version of Cypress being run",
              "timedOut": null,
              "duration": 85,
              "state": "passed",
              "speed": "slow",
              "pass": true,
              "fail": false,
              "pending": false,
              "context": null,
              "code": "cov_1yd24qgavb().f[30]++;\ncov_1yd24qgavb().s[79]++;\n// https://on.cypress.io/version\nexpect(Cypress.version).to.be.exist;",
              "err": {},
              "uuid": "4cd7a3b1-55b5-4d42-92f8-cf3472a0b9b2",
              "parentUUID": "a3cf47b1-b2aa-4961-8f2b-8f01c196fe85",
              "isHook": false,
              "skipped": false
            }
          ],
          "suites": [],
          "passes": [
            "4cd7a3b1-55b5-4d42-92f8-cf3472a0b9b2"
          ],
          "failures": [],
          "pending": [],
          "skipped": [],
          "duration": 85,
          "root": false,
          "rootEmpty": false,
          "_timeout": 2000
        },
        {
          "uuid": "e8952b75-4d5e-47af-8f20-1a3ba82ab596",
          "title": "Cypress.spec",
          "fullFile": "",
          "file": "",
          "beforeHooks": [],
          "afterHooks": [],
          "tests": [
            {
              "title": "Get current spec information",
              "fullTitle": "Cypress.spec Get current spec information",
              "timedOut": null,
              "duration": 117,
              "state": "passed",
              "speed": "slow",
              "pass": true,
              "fail": false,
              "pending": false,
              "context": null,
              "code": "cov_1yd24qgavb().f[33]++;\ncov_1yd24qgavb().s[84]++;\n// https://on.cypress.io/spec\n// wrap the object so we can inspect it easily by clicking in the command log\ncy.wrap(Cypress.spec).should('include.keys', ['name', 'relative', 'absolute']);",
              "err": {},
              "uuid": "84b387e6-f6cb-4d36-9bcc-f3d52bb16127",
              "parentUUID": "e8952b75-4d5e-47af-8f20-1a3ba82ab596",
              "isHook": false,
              "skipped": false
            }
          ],
          "suites": [],
          "passes": [
            "84b387e6-f6cb-4d36-9bcc-f3d52bb16127"
          ],
          "failures": [],
          "pending": [],
          "skipped": [],
          "duration": 117,
          "root": false,
          "rootEmpty": false,
          "_timeout": 2000
        }
      ],
      "passes": [],
      "failures": [],
      "pending": [],
      "skipped": [],
      "duration": 0,
      "root": true,
      "rootEmpty": true,
      "_timeout": 2000
    },
    {
      "uuid": "5f068bf2-2516-445e-8583-672178dcd0f5",
      "title": "",
      "fullFile": "cypress/integration/examples/files.spec.js",
      "file": "cypress/integration/examples/files.spec.js",
      "beforeHooks": [],
      "afterHooks": [],
      "tests": [],
      "suites": [
        {
          "uuid": "2acb20a5-789d-4778-aae2-b8b3f6e5778f",
          "title": "Files",
          "fullFile": "",
          "file": "",
          "beforeHooks": [],
          "afterHooks": [],
          "tests": [
            {
              "title": "cy.fixture() - load a fixture",
              "fullTitle": "Files cy.fixture() - load a fixture",
              "timedOut": null,
              "duration": 346,
              "state": "passed",
              "speed": "slow",
              "pass": true,
              "fail": false,
              "pending": false,
              "context": null,
              "code": "cov_oyji2ewo4().f[3]++;\ncov_oyji2ewo4().s[7]++;\n// https://on.cypress.io/fixture\n// Instead of writing a response inline you can\n// use a fixture file's content.\n// when application makes an Ajax request matching \"GET **/comments/*\"\n// Cypress will intercept it and reply with the object in `example.json` fixture\ncy.intercept('GET', '**/comments/*', {\n  fixture: 'example.json'\n}).as('getComment'); // we have code that gets a comment when\n// the button is clicked in scripts.js\ncov_oyji2ewo4().s[8]++;\ncy.get('.fixture-btn').click();\ncov_oyji2ewo4().s[9]++;\ncy.wait('@getComment').its('response.body').should('have.property', 'name').and('include', 'Using fixtures to represent data');",
              "err": {},
              "uuid": "5935f3c2-a034-4cd4-b026-8a43a22c1c5d",
              "parentUUID": "2acb20a5-789d-4778-aae2-b8b3f6e5778f",
              "isHook": false,
              "skipped": false
            },
            {
              "title": "cy.fixture() or require - load a fixture",
[...]
            "f9a55cb8-f1dc-43c0-b530-ae55349b09ab",
            "7ba9b0d7-b809-4f5a-8135-4d4f32130aa1",
            "e18ca78a-2566-4b11-82ba-6d684c904029"
          ],
          "failures": [],
          "pending": [],
          "skipped": [],
          "duration": 2260,
          "root": false,
          "rootEmpty": false,
          "_timeout": 2000
        }
      ],
      "passes": [],
      "failures": [],
      "pending": [],
      "skipped": [],
      "duration": 0,
      "root": true,
      "rootEmpty": true,
      "_timeout": 2000
    },
    {
      "uuid": "d03d0dfe-033c-4a12-a5e6-7180a6498876",
      "title": "",
      "fullFile": "cypress/integration/examples/utilities.spec.js",
      "file": "cypress/integration/examples/utilities.spec.js",
      "beforeHooks": [],
      "afterHooks": [],
      "tests": [],
      "suites": [
        {
          "uuid": "cebdc59f-4ced-4cc0-afd9-5ed026551bb4",
          "title": "Utilities",
          "fullFile": "",
          "file": "",
          "beforeHooks": [],
          "afterHooks": [],
          "tests": [
            {
              "title": "Cypress._ - call a lodash method",
              "fullTitle": "Utilities Cypress._ - call a lodash method",
              "timedOut": null,
              "duration": 345,
              "state": "passed",
              "speed": "slow",
              "pass": true,
              "fail": false,
              "pending": false,
              "context": null,
              "code": "cov_2all6bd1w().f[2]++;\ncov_2all6bd1w().s[4]++;\n// https://on.cypress.io/_\ncy.request('https://jsonplaceholder.cypress.io/users').then(function (response) {\n  cov_2all6bd1w().f[3]++;\n  var ids = (cov_2all6bd1w().s[5]++, Cypress._.chain(response.body).map('id').take(3).value());\n  cov_2all6bd1w().s[6]++;\n  expect(ids).to.deep.eq([1, 2, 3]);\n});",
              "err": {},
              "uuid": "4525b022-5be8-483c-a5a4-99cda71fc403",
              "parentUUID": "cebdc59f-4ced-4cc0-afd9-5ed026551bb4",
              "isHook": false,
              "skipped": false
            },
            {
              "title": "Cypress.$ - call a jQuery method",
              "fullTitle": "Utilities Cypress.$ - call a jQuery method",
              "timedOut": null,
              "duration": 212,
              "state": "passed",
              "speed": "slow",
              "pass": true,
              "fail": false,
              "pending": false,
              "context": null,
              "code": "cov_2all6bd1w().f[4]++;\n// https://on.cypress.io/$\nvar $li = (cov_2all6bd1w().s[8]++, Cypress.$('.utility-jquery li:first'));\ncov_2all6bd1w().s[9]++;\ncy.wrap($li).should('not.have.class', 'active').click().should('have.class', 'active');",
              "err": {},
              "uuid": "a1151224-3db8-4d64-8bc3-5f9c9db0dd79",
              "parentUUID": "cebdc59f-4ced-4cc0-afd9-5ed026551bb4",
              "isHook": false,
              "skipped": false
            },
            {
              "title": "Cypress.Blob - blob utilities and base64 string conversion",
              "fullTitle": "Utilities Cypress.Blob - blob utilities and base64 string conversion",
              "timedOut": null,
              "duration": 267,
              "state": "passed",
              "speed": "slow",
              "pass": true,
              "fail": false,
              "pending": false,
              "context": null,
              "code": "cov_2all6bd1w().f[5]++;\ncov_2all6bd1w().s[11]++;\n// https://on.cypress.io/blob\ncy.get('.utility-blob').then(function ($div) {\n  cov_2all6bd1w().f[6]++;\n  cov_2all6bd1w().s[12]++;\n  // https://github.com/nolanlawson/blob-util#imgSrcToDataURL\n  // get the dataUrl string for the javascript-logo\n  return Cypress.Blob.imgSrcToDataURL('https://example.cypress.io/assets/img/javascript-logo.png', undefined, 'anonymous').then(function (dataUrl) {\n    cov_2all6bd1w().f[7]++;\n    // create an <img> element and set its src to the dataUrl\n    var img = (cov_2all6bd1w().s[13]++, Cypress.$('<img />', {\n      src: dataUrl\n    })); // need to explicitly return cy here since we are initially returning\n    // the Cypress.Blob.imgSrcToDataURL promise to our test\n    // append the image\n    cov_2all6bd1w().s[14]++;\n    $div.append(img);\n    cov_2all6bd1w().s[15]++;\n    cy.get('.utility-blob img').click().should('have.attr', 'src', dataUrl);\n  });\n});",
              "err": {},
              "uuid": "b402e9aa-30ab-4b76-84dd-210388212ccd",
              "parentUUID": "cebdc59f-4ced-4cc0-afd9-5ed026551bb4",
              "isHook": false,
              "skipped": false
            },
            {
              "title": "Cypress.minimatch - test out glob patterns against strings",
              "fullTitle": "Utilities Cypress.minimatch - test out glob patterns against strings",
              "timedOut": null,
              "duration": 256,
              "state": "passed",
              "speed": "slow",
              "pass": true,
              "fail": false,
              "pending": false,
              "context": null,
              "code": "cov_2all6bd1w().f[8]++;\n// https://on.cypress.io/minimatch\nvar matching = (cov_2all6bd1w().s[17]++, Cypress.minimatch('/users/1/comments', '/users/*/comments', {\n  matchBase: true\n}));\ncov_2all6bd1w().s[18]++;\nexpect(matching, 'matching wildcard').to.be[\"true\"];\ncov_2all6bd1w().s[19]++;\nmatching = Cypress.minimatch('/users/1/comments/2', '/users/*/comments', {\n  matchBase: true\n});\ncov_2all6bd1w().s[20]++;\nexpect(matching, 'comments').to.be[\"false\"]; // ** matches against all downstream path segments\ncov_2all6bd1w().s[21]++;\nmatching = Cypress.minimatch('/foo/bar/baz/123/quux?a=b&c=2', '/foo/**', {\n  matchBase: true\n});\ncov_2all6bd1w().s[22]++;\nexpect(matching, 'comments').to.be[\"true\"]; // whereas * matches only the next path segment\ncov_2all6bd1w().s[23]++;\nmatching = Cypress.minimatch('/foo/bar/baz/123/quux?a=b&c=2', '/foo/*', {\n  matchBase: false\n});\ncov_2all6bd1w().s[24]++;\nexpect(matching, 'comments').to.be[\"false\"];",
              "err": {},
              "uuid": "3633b485-a21c-41f0-9f83-b49349247766",
              "parentUUID": "cebdc59f-4ced-4cc0-afd9-5ed026551bb4",
              "isHook": false,
              "skipped": false
            },
            {
              "title": "Cypress.Promise - instantiate a bluebird promise",
              "fullTitle": "Utilities Cypress.Promise - instantiate a bluebird promise",
              "timedOut": null,
              "duration": 1105,
              "state": "passed",
              "speed": "slow",
              "pass": true,
              "fail": false,
              "pending": false,
              "context": null,
              "code": "cov_2all6bd1w().f[9]++;\n// https://on.cypress.io/promise\nvar waited = (cov_2all6bd1w().s[26]++, false);\n/**\n * @return Bluebird<string>\n */\nfunction waitOneSecond() {\n  cov_2all6bd1w().f[10]++;\n  cov_2all6bd1w().s[27]++;\n  // return a promise that resolves after 1 second\n  // @ts-ignore TS2351 (new Cypress.Promise)\n  return new Cypress.Promise(function (resolve, reject) {\n    cov_2all6bd1w().f[11]++;\n    cov_2all6bd1w().s[28]++;\n    setTimeout(function () {\n      cov_2all6bd1w().f[12]++;\n      cov_2all6bd1w().s[29]++;\n      // set waited to true\n      waited = true; // resolve with 'foo' string\n      cov_2all6bd1w().s[30]++;\n      resolve('foo');\n    }, 1000);\n  });\n}\ncov_2all6bd1w().s[31]++;\ncy.then(function () {\n  cov_2all6bd1w().f[13]++;\n  cov_2all6bd1w().s[32]++;\n  // return a promise to cy.then() that\n  // is awaited until it resolves\n  // @ts-ignore TS7006\n  return waitOneSecond().then(function (str) {\n    cov_2all6bd1w().f[14]++;\n    cov_2all6bd1w().s[33]++;\n    expect(str).to.eq('foo');\n    cov_2all6bd1w().s[34]++;\n    expect(waited).to.be[\"true\"];\n  });\n});",
              "err": {},
              "uuid": "57554ebf-367d-41dd-be44-38099d4396e0",
              "parentUUID": "cebdc59f-4ced-4cc0-afd9-5ed026551bb4",
              "isHook": false,
              "skipped": false
            }
          ],
          "suites": [],
          "passes": [
            "4525b022-5be8-483c-a5a4-99cda71fc403",
            "a1151224-3db8-4d64-8bc3-5f9c9db0dd79",
            "b402e9aa-30ab-4b76-84dd-210388212ccd",
            "3633b485-a21c-41f0-9f83-b49349247766",
            "57554ebf-367d-41dd-be44-38099d4396e0"
          ],
          "failures": [],
          "pending": [],
          "skipped": [],
          "duration": 2185,
          "root": false,
          "rootEmpty": false,
          "_timeout": 2000
        }
      ],
      "passes": [],
      "failures": [],
      "pending": [],
      "skipped": [],
      "duration": 0,
      "root": true,
      "rootEmpty": true,
      "_timeout": 2000
    },
    {
      "uuid": "ca6c1dc9-d781-4814-bac8-9f5c6f9b7127",
      "title": "",
      "fullFile": "cypress/integration/examples/viewport.spec.js",
      "file": "cypress/integration/examples/viewport.spec.js",
      "beforeHooks": [],
      "afterHooks": [],
      "tests": [],
      "suites": [
        {
          "uuid": "84f1a336-5b6e-4d9e-b54e-7ac3cc07eecc",
          "title": "Viewport",
          "fullFile": "",
          "file": "",
          "beforeHooks": [],
          "afterHooks": [],
          "tests": [
            {
              "title": "cy.viewport() - set the viewport size and dimension",
              "fullTitle": "Viewport cy.viewport() - set the viewport size and dimension",
              "timedOut": null,
              "duration": 2950,
              "state": "passed",
              "speed": "slow",
              "pass": true,
              "fail": false,
              "pending": false,
              "context": null,
              "code": "cov_rvvm4k7jn().f[2]++;\ncov_rvvm4k7jn().s[4]++;\n// https://on.cypress.io/viewport\ncy.get('#navbar').should('be.visible');\ncov_rvvm4k7jn().s[5]++;\ncy.viewport(320, 480); // the navbar should have collapse since our screen is smaller\ncov_rvvm4k7jn().s[6]++;\ncy.get('#navbar').should('not.be.visible');\ncov_rvvm4k7jn().s[7]++;\ncy.get('.navbar-toggle').should('be.visible').click();\ncov_rvvm4k7jn().s[8]++;\ncy.get('.nav').find('a').should('be.visible'); // lets see what our app looks like on a super large screen\ncov_rvvm4k7jn().s[9]++;\ncy.viewport(2999, 2999); // cy.viewport() accepts a set of preset sizes\n// to easily set the screen to a device's width and height\n// We added a cy.wait() between each viewport change so you can see\n// the change otherwise it is a little too fast to see :)\ncov_rvvm4k7jn().s[10]++;\ncy.viewport('macbook-15');\ncov_rvvm4k7jn().s[11]++;\ncy.wait(200);\ncov_rvvm4k7jn().s[12]++;\ncy.viewport('macbook-13');\ncov_rvvm4k7jn().s[13]++;\ncy.wait(200);\ncov_rvvm4k7jn().s[14]++;\ncy.viewport('macbook-11');\ncov_rvvm4k7jn().s[15]++;\ncy.wait(200);\ncov_rvvm4k7jn().s[16]++;\ncy.viewport('ipad-2');\ncov_rvvm4k7jn().s[17]++;\ncy.wait(200);\ncov_rvvm4k7jn().s[18]++;\ncy.viewport('ipad-mini');\ncov_rvvm4k7jn().s[19]++;\ncy.wait(200);\ncov_rvvm4k7jn().s[20]++;\ncy.viewport('iphone-6+');\ncov_rvvm4k7jn().s[21]++;\ncy.wait(200);\ncov_rvvm4k7jn().s[22]++;\ncy.viewport('iphone-6');\ncov_rvvm4k7jn().s[23]++;\ncy.wait(200);\ncov_rvvm4k7jn().s[24]++;\ncy.viewport('iphone-5');\ncov_rvvm4k7jn().s[25]++;\ncy.wait(200);\ncov_rvvm4k7jn().s[26]++;\ncy.viewport('iphone-4');\ncov_rvvm4k7jn().s[27]++;\ncy.wait(200);\ncov_rvvm4k7jn().s[28]++;\ncy.viewport('iphone-3');\ncov_rvvm4k7jn().s[29]++;\ncy.wait(200); // cy.viewport() accepts an orientation for all presets\n// the default orientation is 'portrait'\ncov_rvvm4k7jn().s[30]++;\ncy.viewport('ipad-2', 'portrait');\ncov_rvvm4k7jn().s[31]++;\ncy.wait(200);\ncov_rvvm4k7jn().s[32]++;\ncy.viewport('iphone-4', 'landscape');\ncov_rvvm4k7jn().s[33]++;\ncy.wait(200); // The viewport will be reset back to the default dimensions\n// in between tests (the  default can be set in cypress.json)",
              "err": {},
              "uuid": "26f73090-ace3-4fcd-949c-ca70355e3690",
              "parentUUID": "84f1a336-5b6e-4d9e-b54e-7ac3cc07eecc",
              "isHook": false,
              "skipped": false
            }
          ],
          "suites": [],
          "passes": [
            "26f73090-ace3-4fcd-949c-ca70355e3690"
          ],
          "failures": [],
          "pending": [],
          "skipped": [],
          "duration": 2950,
          "root": false,
          "rootEmpty": false,
          "_timeout": 2000
        }
      ],
      "passes": [],
      "failures": [],
      "pending": [],
      "skipped": [],
      "duration": 0,
      "root": true,
      "rootEmpty": true,
      "_timeout": 2000
    },
    {
      "uuid": "f437319a-a4d6-45a3-92a5-df460ec01738",
      "title": "",
      "fullFile": "cypress/integration/examples/waiting.spec.js",
      "file": "cypress/integration/examples/waiting.spec.js",
      "beforeHooks": [],
      "afterHooks": [],
      "tests": [],
      "suites": [
        {
          "uuid": "c46f199d-385e-49ad-aecc-8a9a6b14b133",
          "title": "Waiting",
          "fullFile": "",
          "file": "",
          "beforeHooks": [],
          "afterHooks": [],
          "tests": [
            {
              "title": "cy.wait() - wait for a specific amount of time",
              "fullTitle": "Waiting cy.wait() - wait for a specific amount of time",
              "timedOut": null,
              "duration": 4630,
              "state": "passed",
              "speed": "slow",
              "pass": true,
              "fail": false,
              "pending": false,
              "context": null,
              "code": "cov_1df1o8prxz().f[2]++;\ncov_1df1o8prxz().s[4]++;\ncy.get('.wait-input1').type('Wait 1000ms after typing');\ncov_1df1o8prxz().s[5]++;\ncy.wait(1000);\ncov_1df1o8prxz().s[6]++;\ncy.get('.wait-input2').type('Wait 1000ms after typing');\ncov_1df1o8prxz().s[7]++;\ncy.wait(1000);\ncov_1df1o8prxz().s[8]++;\ncy.get('.wait-input3').type('Wait 1000ms after typing');\ncov_1df1o8prxz().s[9]++;\ncy.wait(1000);",
              "err": {},
              "uuid": "2f899af2-098c-4db8-bff1-9ac211d5735a",
              "parentUUID": "c46f199d-385e-49ad-aecc-8a9a6b14b133",
              "isHook": false,
              "skipped": false
            },
            {
              "title": "cy.wait() - wait for a specific route",
              "fullTitle": "Waiting cy.wait() - wait for a specific route",
              "timedOut": null,
              "duration": 341,
              "state": "passed",
              "speed": "slow",
              "pass": true,
              "fail": false,
              "pending": false,
              "context": null,
              "code": "cov_1df1o8prxz().f[3]++;\ncov_1df1o8prxz().s[11]++;\n// Listen to GET to comments/1\ncy.intercept('GET', '**/comments/*').as('getComment'); // we have code that gets a comment when\n// the button is clicked in scripts.js\ncov_1df1o8prxz().s[12]++;\ncy.get('.network-btn').click(); // wait for GET comments/1\ncov_1df1o8prxz().s[13]++;\ncy.wait('@getComment').its('response.statusCode').should('be.oneOf', [200, 304]);",
              "err": {},
              "uuid": "74a4b61a-8ce1-4b3f-949b-dbdc129b1a07",
              "parentUUID": "c46f199d-385e-49ad-aecc-8a9a6b14b133",
              "isHook": false,
              "skipped": false
            }
          ],
          "suites": [],
          "passes": [
            "2f899af2-098c-4db8-bff1-9ac211d5735a",
            "74a4b61a-8ce1-4b3f-949b-dbdc129b1a07"
          ],
          "failures": [],
          "pending": [],
          "skipped": [],
          "duration": 4971,
          "root": false,
          "rootEmpty": false,
          "_timeout": 2000
        }
      ],
      "passes": [],
      "failures": [],
      "pending": [],
      "skipped": [],
      "duration": 0,
      "root": true,
      "rootEmpty": true,
      "_timeout": 2000
    },
    {
      "uuid": "1e5e17ce-6489-41c1-9cae-fd1156e541ed",
      "title": "",
      "fullFile": "cypress/integration/examples/window.spec.js",
      "file": "cypress/integration/examples/window.spec.js",
      "beforeHooks": [],
      "afterHooks": [],
      "tests": [],
      "suites": [
        {
          "uuid": "0f704e53-af06-496b-990c-86fa077ffed0",
          "title": "Window",
          "fullFile": "",
          "file": "",
          "beforeHooks": [],
          "afterHooks": [],
          "tests": [
            {
              "title": "cy.window() - get the global window object",
              "fullTitle": "Window cy.window() - get the global window object",
              "timedOut": null,
              "duration": 239,
              "state": "passed",
              "speed": "slow",
              "pass": true,
              "fail": false,
              "pending": false,
              "context": null,
              "code": "cov_1l9soqq8hc().f[2]++;\ncov_1l9soqq8hc().s[4]++;\n// https://on.cypress.io/window\ncy.window().should('have.property', 'top');",
              "err": {},
              "uuid": "4419436d-ebd2-4de4-9c77-75db4170bc5c",
              "parentUUID": "0f704e53-af06-496b-990c-86fa077ffed0",
              "isHook": false,
              "skipped": false
            },
            {
              "title": "cy.document() - get the document object",
              "fullTitle": "Window cy.document() - get the document object",
              "timedOut": null,
              "duration": 97,
              "state": "passed",
              "speed": "slow",
              "pass": true,
              "fail": false,
              "pending": false,
              "context": null,
              "code": "cov_1l9soqq8hc().f[3]++;\ncov_1l9soqq8hc().s[6]++;\n// https://on.cypress.io/document\ncy.document().should('have.property', 'charset').and('eq', 'UTF-8');",
              "err": {},
              "uuid": "eb838bb0-2f81-429b-add6-3cf496201b89",
              "parentUUID": "0f704e53-af06-496b-990c-86fa077ffed0",
              "isHook": false,
              "skipped": false
            },
            {
              "title": "cy.title() - get the title",
              "fullTitle": "Window cy.title() - get the title",
              "timedOut": null,
              "duration": 86,
              "state": "passed",
              "speed": "slow",
              "pass": true,
              "fail": false,
              "pending": false,
              "context": null,
              "code": "cov_1l9soqq8hc().f[4]++;\ncov_1l9soqq8hc().s[8]++;\n// https://on.cypress.io/title\ncy.title().should('include', 'Kitchen Sink');",
              "err": {},
              "uuid": "21a411c9-b9c5-4673-ad1d-f92dd39a60d8",
              "parentUUID": "0f704e53-af06-496b-990c-86fa077ffed0",
              "isHook": false,
              "skipped": false
            }
          ],
          "suites": [],
          "passes": [
            "4419436d-ebd2-4de4-9c77-75db4170bc5c",
            "eb838bb0-2f81-429b-add6-3cf496201b89",
            "21a411c9-b9c5-4673-ad1d-f92dd39a60d8"
          ],
          "failures": [],
          "pending": [],
          "skipped": [],
          "duration": 422,
          "root": false,
          "rootEmpty": false,
          "_timeout": 2000
        }
      ],
      "passes": [],
      "failures": [],
      "pending": [],
      "skipped": [],
      "duration": 0,
      "root": true,
      "rootEmpty": true,
      "_timeout": 2000
    }
  ],
  "meta": {
    "mocha": {
      "version": "7.0.1"
    },
    "mochawesome": {
      "options": {
        "quiet": false,
        "reportFilename": "mochawesome",
        "saveHtml": true,
        "saveJson": true,
        "consoleReporter": "spec",
        "useInlineDiffs": false,
        "code": true
      },
      "version": "6.2.2"
    },
    "marge": {
      "options": {
        "reportDir": "cypress/results",
        "overwrite": false,
        "html": true,
        "json": true
      },
      "version": "5.2.0"
    }
  }
}