{
  "stats": {
    "suites": 1,
    "tests": 5,
    "passes": 4,
    "pending": 0,
    "failures": 1,
    "start": "2021-05-03T00:52:33.242Z",
    "end": "2021-05-03T00:52:42.692Z",
    "duration": 9450,
    "testsRegistered": 5,
    "passPercent": 80,
    "pendingPercent": 0,
    "other": 0,
    "hasOther": false,
    "skipped": 0,
    "hasSkipped": false
  },
  "results": [
    {
      "uuid": "0ce0234a-ce5b-435a-8821-32e7f69b703f",
      "title": "",
      "fullFile": "cypress/integration/ui_tests/board_operations.js",
      "file": "cypress/integration/ui_tests/board_operations.js",
      "beforeHooks": [],
      "afterHooks": [],
      "tests": [],
      "suites": [
        {
          "uuid": "82ffd87f-1419-4aeb-85eb-49ab15920e80",
          "title": "User Should be to sucessfully perform board operations",
          "fullFile": "",
          "file": "",
          "beforeHooks": [],
          "afterHooks": [],
          "tests": [
            {
              "title": "Should be able to create a board",
              "fullTitle": "User Should be to sucessfully perform board operations Should be able to create a board",
              "timedOut": null,
              "duration": 764,
              "state": "passed",
              "speed": "slow",
              "pass": true,
              "fail": false,
              "pending": false,
              "context": null,
              "code": "cov_2rf703rxvf().f[2]++;\ncov_2rf703rxvf().s[4]++;\ncy.get('[data-cy=create-board]').click();\ncov_2rf703rxvf().s[5]++;\ncy.get('[data-cy=new-board-input]').type('test board');\ncov_2rf703rxvf().s[6]++;\ncy.get('[data-cy=new-board-create]').click();\ncov_2rf703rxvf().s[7]++;\ncy.get('[data-cy=board-title]').should('have.value', 'test board');",
              "err": {},
              "uuid": "0a37a1ae-a87b-43ab-bbf1-cf7fbb84b56e",
              "parentUUID": "82ffd87f-1419-4aeb-85eb-49ab15920e80",
              "isHook": false,
              "skipped": false
            },
            {
              "title": "Should be able to edit board names",
              "fullTitle": "User Should be to sucessfully perform board operations Should be able to edit board names",
              "timedOut": null,
              "duration": 967,
              "state": "passed",
              "speed": "slow",
              "pass": true,
              "fail": false,
              "pending": false,
              "context": null,
              "code": "cov_2rf703rxvf().f[3]++;\ncov_2rf703rxvf().s[9]++;\ncy.get('[data-cy=create-board]').click();\ncov_2rf703rxvf().s[10]++;\ncy.get('[data-cy=new-board-input]').type('edit board');\ncov_2rf703rxvf().s[11]++;\ncy.get('[data-cy=new-board-create]').click();\ncov_2rf703rxvf().s[12]++;\ncy.get('[data-cy=board-title]').should('have.value', 'edit board');\ncov_2rf703rxvf().s[13]++;\ncy.get('[data-cy=board-title]').click();\ncov_2rf703rxvf().s[14]++;\ncy.get('[data-cy=board-title]').clear();\ncov_2rf703rxvf().s[15]++;\ncy.get('[data-cy=board-title]').type('New Board Name');\ncov_2rf703rxvf().s[16]++;\ncy.get('[data-cy=board-title]').type('{enter}');\ncov_2rf703rxvf().s[17]++;\ncy.get('[data-cy=board-title]').should('have.value', 'New Board Name');",
              "err": {},
              "uuid": "ed4e40d9-8afb-466f-b97d-0ae9b2322504",
              "parentUUID": "82ffd87f-1419-4aeb-85eb-49ab15920e80",
              "isHook": false,
              "skipped": false
            },
            {
              "title": "Should be able to delete a board ",
              "fullTitle": "User Should be to sucessfully perform board operations Should be able to delete a board ",
              "timedOut": null,
              "duration": 723,
              "state": "passed",
              "speed": "slow",
              "pass": true,
              "fail": false,
              "pending": false,
              "context": null,
              "code": "cov_2rf703rxvf().f[4]++;\ncov_2rf703rxvf().s[19]++;\ncy.get('[data-cy=create-board]').click();\ncov_2rf703rxvf().s[20]++;\ncy.get('[data-cy=new-board-input]').type('Board to Delete');\ncov_2rf703rxvf().s[21]++;\ncy.get('[data-cy=new-board-create]').click();\ncov_2rf703rxvf().s[22]++;\ncy.get('[data-cy=board-title]').should('have.value', 'Board to Delete');\ncov_2rf703rxvf().s[23]++;\ncy.get('[data-cy=board-options] > .options').click();\ncov_2rf703rxvf().s[24]++;\ncy.get('[data-cy=board-options] > #myDropdown > .delete').click();\ncov_2rf703rxvf().s[25]++;\ncy.get('.board_item').should('not.have.value', 'Board to Delete');",
              "err": {},
              "uuid": "ff16d38e-5640-4eb9-88a4-da9ce91b11f9",
              "parentUUID": "82ffd87f-1419-4aeb-85eb-49ab15920e80",
              "isHook": false,
              "skipped": false
            },
            {
              "title": "Should be able to favorite a board ",
              "fullTitle": "User Should be to sucessfully perform board operations Should be able to favorite a board ",
              "timedOut": null,
              "duration": 6155,
              "state": "failed",
              "speed": null,
              "pass": false,
              "fail": true,
              "pending": false,
              "context": "[\n  \"/Users/deonte.mohamed/Development/personal_projects/interviewPrep/trelloapp/cypress/results/assets/screenshots/ui_tests/board_operations.js/User Should be to sucessfully perform board operations -- Should be able to favorite a board  (failed).png\",\n  \"/Users/deonte.mohamed/Development/personal_projects/interviewPrep/trelloapp/cypress/results/assets/videos/ui_tests/board_operations.js.mp4\"\n]",
              "code": "cov_2rf703rxvf().f[5]++;\ncov_2rf703rxvf().s[27]++;\ncy.get('[data-cy=create-board]').click();\ncov_2rf703rxvf().s[28]++;\ncy.get('[data-cy=new-board-input]').type('Favorite Board');\ncov_2rf703rxvf().s[29]++;\ncy.get('[data-cy=new-board-create]').click();\ncov_2rf703rxvf().s[30]++;\ncy.get('[data-cy=board-title]').should('have.value', 'Favorite Board');\ncov_2rf703rxvf().s[31]++;\ncy.visit('/');\ncov_2rf703rxvf().s[32]++;\ncy.contains('Favorite Board').parent().trigger('mouseover').children('[data-cy=star]').click();\ncov_2rf703rxvf().s[33]++;\ncy.contains('My Starred').next('.board').children('.board_item').children('h1.board_title').should('have.value', 'Favorite Board');",
              "err": {
                "message": "AssertionError: Timed out retrying after 5000ms: expected '<h1.board_title>' to have value 'Favorite Board', but the value was ''",
                "estack": "AssertionError: Timed out retrying after 5000ms: expected '<h1.board_title>' to have value 'Favorite Board', but the value was ''\n    at Context.eval (http://localhost:3000/__cypress/tests?p=cypress/integration/ui_tests/board_operations.js:853:97)",
                "diff": "+ 'Favorite Board'\n"
              },
              "uuid": "9ac53c9e-43a9-4a3f-abc2-2c6ca3c0e098",
              "parentUUID": "82ffd87f-1419-4aeb-85eb-49ab15920e80",
              "isHook": false,
              "skipped": false
            },
            {
              "title": "Should be able to add a list to a board ",
              "fullTitle": "User Should be to sucessfully perform board operations Should be able to add a list to a board ",
              "timedOut": null,
              "duration": 778,
              "state": "passed",
              "speed": "slow",
              "pass": true,
              "fail": false,
              "pending": false,
              "context": null,
              "code": "cov_2rf703rxvf().f[6]++;\ncov_2rf703rxvf().s[35]++;\ncy.get('[data-cy=create-board]').click();\ncov_2rf703rxvf().s[36]++;\ncy.get('[data-cy=new-board-input]').type('test board');\ncov_2rf703rxvf().s[37]++;\ncy.get('[data-cy=new-board-create]').click();\ncov_2rf703rxvf().s[38]++;\ncy.get('[data-cy=board-title]').should('have.value', 'test board');\ncov_2rf703rxvf().s[39]++;\ncy.get('[data-cy=add-list]').click();\ncov_2rf703rxvf().s[40]++;\ncy.get('[data-cy=add-list-input]').type('Test List {enter}');\ncov_2rf703rxvf().s[41]++;\ncy.get('[data-cy=list]').should('be.visible');",
              "err": {},
              "uuid": "309fe036-5296-49eb-b74c-7908bf74fc21",
              "parentUUID": "82ffd87f-1419-4aeb-85eb-49ab15920e80",
              "isHook": false,
              "skipped": false
            }
          ],
          "suites": [],
          "passes": [
            "0a37a1ae-a87b-43ab-bbf1-cf7fbb84b56e",
            "ed4e40d9-8afb-466f-b97d-0ae9b2322504",
            "ff16d38e-5640-4eb9-88a4-da9ce91b11f9",
            "309fe036-5296-49eb-b74c-7908bf74fc21"
          ],
          "failures": [
            "9ac53c9e-43a9-4a3f-abc2-2c6ca3c0e098"
          ],
          "pending": [],
          "skipped": [],
          "duration": 9387,
          "root": false,
          "rootEmpty": false,
          "_timeout": 2000
        }
      ],
      "passes": [],
      "failures": [],
      "pending": [],
      "skipped": [],
      "duration": 0,
      "root": true,
      "rootEmpty": true,
      "_timeout": 2000
    }
  ],
  "meta": {
    "mocha": {
      "version": "7.0.1"
    },
    "mochawesome": {
      "options": {
        "quiet": false,
        "reportFilename": "mochawesome",
        "saveHtml": true,
        "saveJson": true,
        "consoleReporter": "spec",
        "useInlineDiffs": false,
        "code": true
      },
      "version": "6.2.2"
    },
    "marge": {
      "options": {
        "reportDir": "cypress/results",
        "overwrite": false,
        "html": true,
        "json": true
      },
      "version": "5.2.0"
    }
  }
}